Adding         commit_to_svn.log
Transmitting file data .
Committed revision 4106.
Sending        SIM_TRADE/SEQUENCE/SQ_GET_SERVER.SQL
Sending        SIM_TRADE/SEQUENCE/S_BSAL_ID.SQL
Sending        SIM_TRADE/SEQUENCE/S_NEW_ACCOUNT_LOAD_LOG_ID.SQL
Sending        SIM_TRADE/SEQUENCE/S_NEW_DB_LOADER_ACC_PH_HIST_ID.SQL
Sending        SIM_TRADE/SEQUENCE/S_NEW_QUEUE_PHONE_REBLOCK_ID.SQL
Sending        commit_to_svn.log
Transmitting file data ......
Committed revision 4109.
Sending        commit_to_svn.log
Transmitting file data .
Committed revision 4112.
Sending        commit_to_svn.log
Transmitting file data .
Committed revision 4115.
Sending        commit_to_svn.log
Transmitting file data .
Committed revision 4118.
Sending        SIM_TRADE/SEQUENCE/SQ_GET_SERVER.SQL
Sending        SIM_TRADE/SEQUENCE/S_BSAL_ID.SQL
Sending        SIM_TRADE/SEQUENCE/S_NEW_ACCOUNT_LOAD_LOG_ID.SQL
Sending        SIM_TRADE/SEQUENCE/S_NEW_DB_LOADER_ACC_PH_HIST_ID.SQL
Sending        commit_to_svn.log
Transmitting file data .....
Committed revision 4121.
Sending        commit_to_svn.log
Transmitting file data .
Committed revision 4124.
Sending        commit_to_svn.log
Transmitting file data .
Committed revision 4127.
Sending        commit_to_svn.log
Transmitting file data .
Committed revision 4130.
Sending        SIM_TRADE/SEQUENCE/SQ_GET_SERVER.SQL
Sending        SIM_TRADE/SEQUENCE/S_BSAL_ID.SQL
Sending        SIM_TRADE/SEQUENCE/S_NEW_ACCOUNT_LOAD_LOG_ID.SQL
Sending        SIM_TRADE/SEQUENCE/S_NEW_DB_LOADER_ACC_PH_HIST_ID.SQL
Sending        commit_to_svn.log
Transmitting file data .....
Committed revision 4133.
Sending        commit_to_svn.log
Transmitting file data .
Committed revision 4136.
Sending        commit_to_svn.log
Transmitting file data .
Committed revision 4139.
Sending        commit_to_svn.log
Transmitting file data .
Committed revision 4142.
Sending        SIM_TRADE/SEQUENCE/SQ_GET_SERVER.SQL
Sending        SIM_TRADE/SEQUENCE/S_BSAL_ID.SQL
Sending        SIM_TRADE/SEQUENCE/S_NEW_ACCOUNT_LOAD_LOG_ID.SQL
Sending        SIM_TRADE/SEQUENCE/S_NEW_DB_LOADER_ACC_PH_HIST_ID.SQL
Sending        commit_to_svn.log
Transmitting file data .....
Committed revision 4145.
Sending        commit_to_svn.log
Transmitting file data .
Committed revision 4148.
Sending        commit_to_svn.log
Transmitting file data .
Committed revision 4151.
Sending        commit_to_svn.log
Transmitting file data .
Committed revision 4154.
Sending        SIM_TRADE/SEQUENCE/SQ_GET_SERVER.SQL
Sending        SIM_TRADE/SEQUENCE/S_BSAL_ID.SQL
Sending        SIM_TRADE/SEQUENCE/S_NEW_ACCOUNT_LOAD_LOG_ID.SQL
Sending        commit_to_svn.log
Transmitting file data ....
Committed revision 4157.
Sending        commit_to_svn.log
Transmitting file data .
Committed revision 4160.
Sending        commit_to_svn.log
Transmitting file data .
Committed revision 4163.
Sending        commit_to_svn.log
Transmitting file data .
Committed revision 4166.
Sending        SIM_TRADE/SEQUENCE/SQ_GET_SERVER.SQL
Sending        SIM_TRADE/SEQUENCE/S_BSAL_ID.SQL
Sending        SIM_TRADE/SEQUENCE/S_NEW_ACCOUNT_LOAD_LOG_ID.SQL
Sending        SIM_TRADE/SEQUENCE/S_NEW_DB_LOADER_ACC_PH_HIST_ID.SQL
Sending        commit_to_svn.log
Transmitting file data .....
Committed revision 4169.
Sending        commit_to_svn.log
Transmitting file data .
Committed revision 4172.
Sending        commit_to_svn.log
Transmitting file data .
Committed revision 4175.
Sending        commit_to_svn.log
Transmitting file data .
Committed revision 4178.
Sending        SIM_TRADE/SEQUENCE/SQ_GET_SERVER.SQL
Sending        SIM_TRADE/SEQUENCE/S_BSAL_ID.SQL
Sending        SIM_TRADE/SEQUENCE/S_NEW_ACCOUNT_LOAD_LOG_ID.SQL
Sending        commit_to_svn.log
Transmitting file data ....
Committed revision 4181.
Sending        commit_to_svn.log
Transmitting file data .
Committed revision 4184.
Sending        commit_to_svn.log
Transmitting file data .
Committed revision 4187.
Sending        commit_to_svn.log
Transmitting file data .
Committed revision 4190.
Sending        SIM_TRADE/SEQUENCE/SQ_GET_SERVER.SQL
Sending        SIM_TRADE/SEQUENCE/S_BSAL_ID.SQL
Sending        SIM_TRADE/SEQUENCE/S_NEW_ACCOUNT_LOAD_LOG_ID.SQL
Sending        SIM_TRADE/SEQUENCE/S_NEW_DB_LOADER_ACC_PH_HIST_ID.SQL
Sending        commit_to_svn.log
Transmitting file data .....
Committed revision 4193.
Sending        commit_to_svn.log
Transmitting file data .
Committed revision 4196.
Sending        commit_to_svn.log
Transmitting file data .
Committed revision 4199.
Sending        commit_to_svn.log
Transmitting file data .
Committed revision 4202.
Sending        SIM_TRADE/SEQUENCE/SQ_GET_SERVER.SQL
Sending        SIM_TRADE/SEQUENCE/S_BSAL_ID.SQL
Sending        SIM_TRADE/SEQUENCE/S_NEW_ACCOUNT_LOAD_LOG_ID.SQL
Sending        SIM_TRADE/SEQUENCE/S_NEW_DB_LOADER_ACC_PH_HIST_ID.SQL
Sending        commit_to_svn.log
Transmitting file data .....
Committed revision 4205.
Sending        commit_to_svn.log
Transmitting file data .
Committed revision 4208.
Sending        commit_to_svn.log
Transmitting file data .
Committed revision 4211.
Sending        commit_to_svn.log
Transmitting file data .
Committed revision 4214.
Sending        SIM_TRADE/SEQUENCE/SQ_GET_SERVER.SQL
Sending        SIM_TRADE/SEQUENCE/S_BSAL_ID.SQL
Sending        SIM_TRADE/SEQUENCE/S_NEW_ACCOUNT_LOAD_LOG_ID.SQL
Sending        SIM_TRADE/SEQUENCE/S_NEW_DB_LOADER_ACC_PH_HIST_ID.SQL
Sending        commit_to_svn.log
Transmitting file data .....
Committed revision 4217.
Sending        commit_to_svn.log
Transmitting file data .
Committed revision 4220.
Sending        commit_to_svn.log
Transmitting file data .
Committed revision 4223.
Sending        commit_to_svn.log
Transmitting file data .
Committed revision 4226.
Sending        SIM_TRADE/SEQUENCE/SQ_GET_SERVER.SQL
Sending        SIM_TRADE/SEQUENCE/S_BSAL_ID.SQL
Sending        SIM_TRADE/SEQUENCE/S_NEW_ACCOUNT_LOAD_LOG_ID.SQL
Sending        commit_to_svn.log
Transmitting file data ....
Committed revision 4229.
Sending        commit_to_svn.log
Transmitting file data .
Committed revision 4232.
Sending        commit_to_svn.log
Transmitting file data .
Committed revision 4235.
Sending        commit_to_svn.log
Transmitting file data .
Committed revision 4238.
Sending        SIM_TRADE/SEQUENCE/SQ_GET_SERVER.SQL
Sending        SIM_TRADE/SEQUENCE/S_BSAL_ID.SQL
Sending        SIM_TRADE/SEQUENCE/S_NEW_ACCOUNT_LOAD_LOG_ID.SQL
Sending        SIM_TRADE/SEQUENCE/S_NEW_DB_LOADER_ACC_PH_HIST_ID.SQL
Sending        commit_to_svn.log
Transmitting file data .....
Committed revision 4241.
Sending        commit_to_svn.log
Transmitting file data .
Committed revision 4244.
Sending        commit_to_svn.log
Transmitting file data .
Committed revision 4247.
Sending        commit_to_svn.log
Transmitting file data .
Committed revision 4250.
Sending        SIM_TRADE/SEQUENCE/SQ_GET_SERVER.SQL
Sending        SIM_TRADE/SEQUENCE/S_BSAL_ID.SQL
Sending        SIM_TRADE/SEQUENCE/S_NEW_ACCOUNT_LOAD_LOG_ID.SQL
Sending        SIM_TRADE/SEQUENCE/S_NEW_DB_LOADER_ACC_PH_HIST_ID.SQL
Sending        SIM_TRADE/SEQUENCE/S_NEW_QUEUE_PHONE_REBLOCK_ID.SQL
Sending        SIM_TRADE/TABLE/EXT_BEELINE_SOAP_API_LOG.SQL
Sending        SIM_TRADE/TABLE/EXT_LOADER_CALL_N_LOG.SQL
Sending        commit_to_svn.log
Transmitting file data ........
Committed revision 4252.
Sending        commit_to_svn.log
Transmitting file data .
Committed revision 4254.
Sending        commit_to_svn.log
Transmitting file data .
Committed revision 4256.
Sending        commit_to_svn.log
Transmitting file data .
Committed revision 4260.
Sending        SIM_TRADE/SEQUENCE/SQ_GET_SERVER.SQL
Sending        SIM_TRADE/SEQUENCE/S_BSAL_ID.SQL
Sending        SIM_TRADE/SEQUENCE/S_NEW_ACCOUNT_LOAD_LOG_ID.SQL
Sending        SIM_TRADE/SEQUENCE/S_NEW_DB_LOADER_ACC_PH_HIST_ID.SQL
Sending        commit_to_svn.log
Transmitting file data .....
Committed revision 4262.
Sending        commit_to_svn.log
Transmitting file data .
Committed revision 4266.
Sending        commit_to_svn.log
Transmitting file data .
Committed revision 4269.
Sending        commit_to_svn.log
Transmitting file data .
Committed revision 4272.
Sending        SIM_TRADE/SEQUENCE/SQ_GET_SERVER.SQL
Sending        SIM_TRADE/SEQUENCE/S_BSAL_ID.SQL
Sending        SIM_TRADE/SEQUENCE/S_NEW_ACCOUNT_LOAD_LOG_ID.SQL
Sending        commit_to_svn.log
Transmitting file data ....
Committed revision 4274.
Sending        commit_to_svn.log
Transmitting file data .
Committed revision 4277.
Sending        commit_to_svn.log
Transmitting file data .
Committed revision 4280.
Sending        commit_to_svn.log
Transmitting file data .
Committed revision 4283.
Sending        SIM_TRADE/SEQUENCE/SQ_GET_SERVER.SQL
Sending        SIM_TRADE/SEQUENCE/S_BSAL_ID.SQL
Sending        SIM_TRADE/SEQUENCE/S_NEW_ACCOUNT_LOAD_LOG_ID.SQL
Sending        SIM_TRADE/SEQUENCE/S_NEW_DB_LOADER_ACC_PH_HIST_ID.SQL
Sending        commit_to_svn.log
Transmitting file data .....
Committed revision 4285.
Sending        commit_to_svn.log
Transmitting file data .
Committed revision 4288.
Sending        commit_to_svn.log
Transmitting file data .
Committed revision 4291.
Sending        commit_to_svn.log
Transmitting file data .
Committed revision 4294.
Sending        SIM_TRADE/SEQUENCE/SQ_GET_SERVER.SQL
Sending        SIM_TRADE/SEQUENCE/S_BSAL_ID.SQL
Sending        SIM_TRADE/SEQUENCE/S_NEW_ACCOUNT_LOAD_LOG_ID.SQL
Sending        commit_to_svn.log
Transmitting file data ....
Committed revision 4296.
Sending        commit_to_svn.log
Transmitting file data .
Committed revision 4300.
Sending        commit_to_svn.log
Transmitting file data .
Committed revision 4303.
Sending        commit_to_svn.log
Transmitting file data .
Committed revision 4306.
Sending        SIM_TRADE/SEQUENCE/SQ_GET_SERVER.SQL
Sending        SIM_TRADE/SEQUENCE/S_BSAL_ID.SQL
Sending        SIM_TRADE/SEQUENCE/S_NEW_ACCOUNT_LOAD_LOG_ID.SQL
Sending        SIM_TRADE/SEQUENCE/S_NEW_DB_LOADER_ACC_PH_HIST_ID.SQL
Sending        commit_to_svn.log
Transmitting file data .....
Committed revision 4308.
Sending        commit_to_svn.log
Transmitting file data .
Committed revision 4311.
Sending        commit_to_svn.log
Transmitting file data .
Committed revision 4314.
Sending        commit_to_svn.log
Transmitting file data .
Committed revision 4317.
Sending        SIM_TRADE/SEQUENCE/SQ_GET_SERVER.SQL
Sending        SIM_TRADE/SEQUENCE/S_BSAL_ID.SQL
Sending        SIM_TRADE/SEQUENCE/S_NEW_ACCOUNT_LOAD_LOG_ID.SQL
Sending        SIM_TRADE/SEQUENCE/S_NEW_DB_LOADER_ACC_PH_HIST_ID.SQL
Sending        commit_to_svn.log
Transmitting file data .....
Committed revision 4320.
Sending        commit_to_svn.log
Transmitting file data .
Committed revision 4323.
Sending        commit_to_svn.log
Transmitting file data .
Committed revision 4326.
Sending        commit_to_svn.log
Transmitting file data .
Committed revision 4329.
Sending        SIM_TRADE/SEQUENCE/SQ_GET_SERVER.SQL
Sending        SIM_TRADE/SEQUENCE/S_BSAL_ID.SQL
Sending        SIM_TRADE/SEQUENCE/S_NEW_ACCOUNT_LOAD_LOG_ID.SQL
Sending        commit_to_svn.log
Transmitting file data ....
Committed revision 4332.
Sending        commit_to_svn.log
Transmitting file data .
Committed revision 4335.
Sending        commit_to_svn.log
Transmitting file data .
Committed revision 4338.
Sending        commit_to_svn.log
Transmitting file data .
Committed revision 4341.
Sending        SIM_TRADE/SEQUENCE/SQ_GET_SERVER.SQL
Sending        SIM_TRADE/SEQUENCE/S_BSAL_ID.SQL
Sending        SIM_TRADE/SEQUENCE/S_NEW_ACCOUNT_LOAD_LOG_ID.SQL
Sending        SIM_TRADE/SEQUENCE/S_NEW_DB_LOADER_ACC_PH_HIST_ID.SQL
Sending        commit_to_svn.log
Transmitting file data .....
Committed revision 4344.
Sending        commit_to_svn.log
Transmitting file data .
Committed revision 4347.
Sending        commit_to_svn.log
Transmitting file data .
Committed revision 4350.
Sending        commit_to_svn.log
Transmitting file data .
Committed revision 4353.
Sending        SIM_TRADE/SEQUENCE/SQ_GET_SERVER.SQL
Sending        SIM_TRADE/SEQUENCE/S_BSAL_ID.SQL
Sending        SIM_TRADE/SEQUENCE/S_NEW_ACCOUNT_LOAD_LOG_ID.SQL
Sending        SIM_TRADE/SEQUENCE/S_NEW_DB_LOADER_ACC_PH_HIST_ID.SQL
Sending        commit_to_svn.log
Transmitting file data .....
Committed revision 4356.
Sending        commit_to_svn.log
Transmitting file data .
Committed revision 4359.
Sending        commit_to_svn.log
Transmitting file data .
Committed revision 4362.
Sending        commit_to_svn.log
Transmitting file data .
Committed revision 4365.
Sending        SIM_TRADE/SEQUENCE/SQ_GET_SERVER.SQL
Sending        SIM_TRADE/SEQUENCE/S_BSAL_ID.SQL
Sending        SIM_TRADE/SEQUENCE/S_NEW_ACCOUNT_LOAD_LOG_ID.SQL
Sending        SIM_TRADE/SEQUENCE/S_NEW_DB_LOADER_ACC_PH_HIST_ID.SQL
Sending        commit_to_svn.log
Transmitting file data .....
Committed revision 4368.
Sending        commit_to_svn.log
Transmitting file data .
Committed revision 4371.
Sending        commit_to_svn.log
Transmitting file data .
Committed revision 4374.
Sending        commit_to_svn.log
Transmitting file data .
Committed revision 4377.
Sending        SIM_TRADE/SEQUENCE/SQ_GET_SERVER.SQL
Sending        SIM_TRADE/SEQUENCE/S_BSAL_ID.SQL
Sending        SIM_TRADE/SEQUENCE/S_NEW_ACCOUNT_LOAD_LOG_ID.SQL
Sending        SIM_TRADE/SEQUENCE/S_NEW_DB_LOADER_ACC_PH_HIST_ID.SQL
Sending        commit_to_svn.log
Transmitting file data .....
Committed revision 4380.
Sending        commit_to_svn.log
Transmitting file data .
Committed revision 4383.
Sending        commit_to_svn.log
Transmitting file data .
Committed revision 4386.
Sending        commit_to_svn.log
Transmitting file data .
Committed revision 4389.
Sending        SIM_TRADE/SEQUENCE/SQ_GET_SERVER.SQL
Sending        SIM_TRADE/SEQUENCE/S_BSAL_ID.SQL
Sending        SIM_TRADE/SEQUENCE/S_NEW_ACCOUNT_LOAD_LOG_ID.SQL
Sending        SIM_TRADE/SEQUENCE/S_NEW_DB_LOADER_ACC_PH_HIST_ID.SQL
Sending        commit_to_svn.log
Transmitting file data .....
Committed revision 4392.
Sending        commit_to_svn.log
Transmitting file data .
Committed revision 4395.
Sending        commit_to_svn.log
Transmitting file data .
Committed revision 4398.
Sending        commit_to_svn.log
Transmitting file data .
Committed revision 4401.
Sending        SIM_TRADE/SEQUENCE/SQ_GET_SERVER.SQL
Sending        SIM_TRADE/SEQUENCE/S_BSAL_ID.SQL
Sending        SIM_TRADE/SEQUENCE/S_NEW_ACCOUNT_LOAD_LOG_ID.SQL
Sending        SIM_TRADE/SEQUENCE/S_NEW_DB_LOADER_ACC_PH_HIST_ID.SQL
Sending        SIM_TRADE/SEQUENCE/S_NEW_QUEUE_PHONE_REBLOCK_ID.SQL
Sending        commit_to_svn.log
Transmitting file data ......
Committed revision 4404.
Sending        commit_to_svn.log
Transmitting file data .
Committed revision 4407.
Sending        commit_to_svn.log
Transmitting file data .
Committed revision 4410.
Sending        commit_to_svn.log
Transmitting file data .
Committed revision 4413.
Sending        SIM_TRADE/SEQUENCE/SQ_GET_SERVER.SQL
Sending        SIM_TRADE/SEQUENCE/S_BSAL_ID.SQL
Sending        SIM_TRADE/SEQUENCE/S_NEW_ACCOUNT_LOAD_LOG_ID.SQL
Sending        SIM_TRADE/SEQUENCE/S_NEW_DB_LOADER_ACC_PH_HIST_ID.SQL
Sending        commit_to_svn.log
Transmitting file data .....
Committed revision 4416.
Sending        commit_to_svn.log
Transmitting file data .
Committed revision 4419.
Sending        commit_to_svn.log
Transmitting file data .
Committed revision 4422.
Sending        commit_to_svn.log
Transmitting file data .
Committed revision 4425.
Sending        SIM_TRADE/SEQUENCE/SQ_GET_SERVER.SQL
Sending        SIM_TRADE/SEQUENCE/S_BSAL_ID.SQL
Sending        SIM_TRADE/SEQUENCE/S_NEW_ACCOUNT_LOAD_LOG_ID.SQL
Sending        SIM_TRADE/SEQUENCE/S_NEW_DB_LOADER_ACC_PH_HIST_ID.SQL
Sending        commit_to_svn.log
Transmitting file data .....
Committed revision 4428.
Sending        commit_to_svn.log
Transmitting file data .
Committed revision 4431.
Sending        commit_to_svn.log
Transmitting file data .
Committed revision 4434.
Sending        commit_to_svn.log
Transmitting file data .
Committed revision 4437.
Sending        SIM_TRADE/SEQUENCE/SQ_GET_SERVER.SQL
Sending        SIM_TRADE/SEQUENCE/S_BSAL_ID.SQL
Sending        SIM_TRADE/SEQUENCE/S_NEW_ACCOUNT_LOAD_LOG_ID.SQL
Sending        SIM_TRADE/SEQUENCE/S_NEW_DB_LOADER_ACC_PH_HIST_ID.SQL
Sending        commit_to_svn.log
Transmitting file data .....
Committed revision 4440.
Sending        commit_to_svn.log
Transmitting file data .
Committed revision 4443.
Sending        commit_to_svn.log
Transmitting file data .
Committed revision 4446.
Sending        commit_to_svn.log
Transmitting file data .
Committed revision 4449.
Sending        SIM_TRADE/SEQUENCE/SQ_GET_SERVER.SQL
Sending        SIM_TRADE/SEQUENCE/S_BSAL_ID.SQL
Sending        SIM_TRADE/SEQUENCE/S_NEW_ACCOUNT_LOAD_LOG_ID.SQL
Sending        SIM_TRADE/SEQUENCE/S_NEW_QUEUE_PHONE_REBLOCK_ID.SQL
Sending        commit_to_svn.log
Transmitting file data .....
Committed revision 4452.
Sending        commit_to_svn.log
Transmitting file data .
Committed revision 4455.
Sending        commit_to_svn.log
Transmitting file data .
Committed revision 4458.
Sending        commit_to_svn.log
Transmitting file data .
Committed revision 4461.
Sending        SIM_TRADE/SEQUENCE/SQ_GET_SERVER.SQL
Sending        SIM_TRADE/SEQUENCE/S_BSAL_ID.SQL
Sending        SIM_TRADE/SEQUENCE/S_NEW_ACCOUNT_LOAD_LOG_ID.SQL
Sending        SIM_TRADE/SEQUENCE/S_NEW_DB_LOADER_ACC_PH_HIST_ID.SQL
Sending        commit_to_svn.log
Transmitting file data .....
Committed revision 4464.
Sending        commit_to_svn.log
Transmitting file data .
Committed revision 4467.
Sending        commit_to_svn.log
Transmitting file data .
Committed revision 4470.
Sending        commit_to_svn.log
Transmitting file data .
Committed revision 4473.
Sending        SIM_TRADE/SEQUENCE/SQ_GET_SERVER.SQL
Sending        SIM_TRADE/SEQUENCE/S_BSAL_ID.SQL
Sending        SIM_TRADE/SEQUENCE/S_NEW_ACCOUNT_LOAD_LOG_ID.SQL
Sending        SIM_TRADE/SEQUENCE/S_NEW_DB_LOADER_ACC_PH_HIST_ID.SQL
Sending        commit_to_svn.log
Transmitting file data .....
Committed revision 4476.
Sending        commit_to_svn.log
Transmitting file data .
Committed revision 4479.
Sending        commit_to_svn.log
Transmitting file data .
Committed revision 4482.
Sending        commit_to_svn.log
Transmitting file data .
Committed revision 4485.
Sending        SIM_TRADE/SEQUENCE/SQ_GET_SERVER.SQL
Sending        SIM_TRADE/SEQUENCE/S_BSAL_ID.SQL
Sending        SIM_TRADE/SEQUENCE/S_NEW_ACCOUNT_LOAD_LOG_ID.SQL
Sending        SIM_TRADE/SEQUENCE/S_NEW_DB_LOADER_ACC_PH_HIST_ID.SQL
Sending        commit_to_svn.log
Transmitting file data .....
Committed revision 4488.
Sending        commit_to_svn.log
Transmitting file data .
Committed revision 4491.
Sending        commit_to_svn.log
Transmitting file data .
Committed revision 4494.
Sending        commit_to_svn.log
Transmitting file data .
Committed revision 4497.
Sending        SIM_TRADE/SEQUENCE/SQ_GET_SERVER.SQL
Sending        SIM_TRADE/SEQUENCE/S_BSAL_ID.SQL
Sending        SIM_TRADE/SEQUENCE/S_NEW_ACCOUNT_LOAD_LOG_ID.SQL
Sending        SIM_TRADE/SEQUENCE/S_NEW_DB_LOADER_ACC_PH_HIST_ID.SQL
Sending        commit_to_svn.log
Transmitting file data .....
Committed revision 4500.
Sending        commit_to_svn.log
Transmitting file data .
Committed revision 4503.
Sending        commit_to_svn.log
Transmitting file data .
Committed revision 4506.
Sending        commit_to_svn.log
Transmitting file data .
Committed revision 4509.
Sending        SIM_TRADE/SEQUENCE/SQ_GET_SERVER.SQL
Sending        SIM_TRADE/SEQUENCE/S_BSAL_ID.SQL
Sending        SIM_TRADE/SEQUENCE/S_NEW_ACCOUNT_LOAD_LOG_ID.SQL
Sending        commit_to_svn.log
Transmitting file data ....
Committed revision 4512.
Sending        commit_to_svn.log
Transmitting file data .
Committed revision 4515.
Sending        commit_to_svn.log
Transmitting file data .
Committed revision 4518.
Sending        commit_to_svn.log
Transmitting file data .
Committed revision 4521.
Sending        SIM_TRADE/SEQUENCE/SQ_GET_SERVER.SQL
Sending        SIM_TRADE/SEQUENCE/S_BSAL_ID.SQL
Sending        SIM_TRADE/SEQUENCE/S_NEW_ACCOUNT_LOAD_LOG_ID.SQL
Sending        SIM_TRADE/SEQUENCE/S_NEW_DB_LOADER_ACC_PH_HIST_ID.SQL
Sending        SIM_TRADE/TABLE/EXT_LOADER_CALL_N_LOG.SQL
Sending        commit_to_svn.log
Transmitting file data ......
Committed revision 4523.
Sending        commit_to_svn.log
Transmitting file data .
Committed revision 4526.
Sending        commit_to_svn.log
Transmitting file data .
Committed revision 4529.
Sending        commit_to_svn.log
Transmitting file data .
Committed revision 4532.
Sending        SIM_TRADE/SEQUENCE/SQ_GET_SERVER.SQL
Sending        SIM_TRADE/SEQUENCE/S_BSAL_ID.SQL
Sending        SIM_TRADE/SEQUENCE/S_NEW_ACCOUNT_LOAD_LOG_ID.SQL
Sending        SIM_TRADE/SEQUENCE/S_NEW_DB_LOADER_ACC_PH_HIST_ID.SQL
Sending        SIM_TRADE/SEQUENCE/S_NEW_QUEUE_PHONE_REBLOCK_ID.SQL
Sending        SIM_TRADE/TABLE/EXT_BEELINE_SOAP_API_LOG.SQL
Sending        commit_to_svn.log
Transmitting file data .......
Committed revision 4534.
Sending        commit_to_svn.log
Transmitting file data .
Committed revision 4537.
Sending        commit_to_svn.log
Transmitting file data .
Committed revision 4540.
Sending        commit_to_svn.log
Transmitting file data .
Committed revision 4543.
Sending        SIM_TRADE/SEQUENCE/SQ_GET_SERVER.SQL
Sending        SIM_TRADE/SEQUENCE/S_BSAL_ID.SQL
Sending        SIM_TRADE/SEQUENCE/S_NEW_ACCOUNT_LOAD_LOG_ID.SQL
Sending        commit_to_svn.log
Transmitting file data ....
Committed revision 4546.
Sending        commit_to_svn.log
Transmitting file data .
Committed revision 4549.
Sending        commit_to_svn.log
Transmitting file data .
Committed revision 4552.
Sending        commit_to_svn.log
Transmitting file data .
Committed revision 4555.
Sending        SIM_TRADE/SEQUENCE/SQ_GET_SERVER.SQL
Sending        SIM_TRADE/SEQUENCE/S_BSAL_ID.SQL
Sending        SIM_TRADE/SEQUENCE/S_NEW_ACCOUNT_LOAD_LOG_ID.SQL
Sending        SIM_TRADE/SEQUENCE/S_NEW_DB_LOADER_ACC_PH_HIST_ID.SQL
Sending        commit_to_svn.log
Transmitting file data .....
Committed revision 4558.
Sending        commit_to_svn.log
Transmitting file data .
Committed revision 4561.
Sending        commit_to_svn.log
Transmitting file data .
Committed revision 4564.
Sending        commit_to_svn.log
Transmitting file data .
Committed revision 4567.
Sending        SIM_TRADE/SEQUENCE/SQ_GET_SERVER.SQL
Sending        SIM_TRADE/SEQUENCE/S_BSAL_ID.SQL
Sending        SIM_TRADE/SEQUENCE/S_NEW_ACCOUNT_LOAD_LOG_ID.SQL
Sending        SIM_TRADE/SEQUENCE/S_NEW_DB_LOADER_ACC_PH_HIST_ID.SQL
Sending        commit_to_svn.log
Transmitting file data .....
Committed revision 4570.
Sending        commit_to_svn.log
Transmitting file data .
Committed revision 4573.
Sending        commit_to_svn.log
Transmitting file data .
Committed revision 4576.
Sending        commit_to_svn.log
Transmitting file data .
Committed revision 4579.
Sending        SIM_TRADE/SEQUENCE/SQ_GET_SERVER.SQL
Sending        SIM_TRADE/SEQUENCE/S_BSAL_ID.SQL
Sending        SIM_TRADE/SEQUENCE/S_NEW_ACCOUNT_LOAD_LOG_ID.SQL
Sending        commit_to_svn.log
Transmitting file data ....
Committed revision 4582.
Sending        commit_to_svn.log
Transmitting file data .
Committed revision 4585.
Sending        commit_to_svn.log
Transmitting file data .
Committed revision 4588.
Sending        commit_to_svn.log
Transmitting file data .
Committed revision 4591.
Sending        SIM_TRADE/SEQUENCE/SQ_GET_SERVER.SQL
Sending        SIM_TRADE/SEQUENCE/S_BSAL_ID.SQL
Sending        SIM_TRADE/SEQUENCE/S_NEW_ACCOUNT_LOAD_LOG_ID.SQL
Sending        SIM_TRADE/SEQUENCE/S_NEW_DB_LOADER_ACC_PH_HIST_ID.SQL
Sending        commit_to_svn.log
Transmitting file data .....
Committed revision 4593.
Sending        commit_to_svn.log
Transmitting file data .
Committed revision 4596.
Sending        commit_to_svn.log
Transmitting file data .
Committed revision 4599.
Sending        commit_to_svn.log
Transmitting file data .
Committed revision 4602.
Sending        SIM_TRADE/SEQUENCE/SQ_GET_SERVER.SQL
Sending        SIM_TRADE/SEQUENCE/S_BSAL_ID.SQL
Sending        SIM_TRADE/SEQUENCE/S_NEW_ACCOUNT_LOAD_LOG_ID.SQL
Sending        SIM_TRADE/SEQUENCE/S_NEW_DB_LOADER_ACC_PH_HIST_ID.SQL
Sending        SIM_TRADE/SEQUENCE/S_NEW_QUEUE_PHONE_REBLOCK_ID.SQL
Sending        commit_to_svn.log
Transmitting file data ......
Committed revision 4605.
Sending        commit_to_svn.log
Transmitting file data .
Committed revision 4608.
Sending        commit_to_svn.log
Transmitting file data .
Committed revision 4611.
Sending        commit_to_svn.log
Transmitting file data .
Committed revision 4614.
Sending        SIM_TRADE/SEQUENCE/SQ_GET_SERVER.SQL
Sending        SIM_TRADE/SEQUENCE/S_BSAL_ID.SQL
Sending        SIM_TRADE/SEQUENCE/S_NEW_ACCOUNT_LOAD_LOG_ID.SQL
Sending        commit_to_svn.log
Transmitting file data ....
Committed revision 4617.
Sending        commit_to_svn.log
Transmitting file data .
Committed revision 4620.
Sending        commit_to_svn.log
Transmitting file data .
Committed revision 4623.
Sending        commit_to_svn.log
Transmitting file data .
Committed revision 4626.
Sending        SIM_TRADE/SEQUENCE/SQ_GET_SERVER.SQL
Sending        SIM_TRADE/SEQUENCE/S_BSAL_ID.SQL
Sending        SIM_TRADE/SEQUENCE/S_NEW_ACCOUNT_LOAD_LOG_ID.SQL
Sending        SIM_TRADE/SEQUENCE/S_NEW_DB_LOADER_ACC_PH_HIST_ID.SQL
Sending        commit_to_svn.log
Transmitting file data .....
Committed revision 4629.
Sending        commit_to_svn.log
Transmitting file data .
Committed revision 4632.
Sending        commit_to_svn.log
Transmitting file data .
Committed revision 4635.
Sending        commit_to_svn.log
Transmitting file data .
Committed revision 4638.
Sending        SIM_TRADE/SEQUENCE/SQ_GET_SERVER.SQL
Sending        SIM_TRADE/SEQUENCE/S_BSAL_ID.SQL
Sending        SIM_TRADE/SEQUENCE/S_NEW_ABONENT_ID.SQL
Sending        SIM_TRADE/SEQUENCE/S_NEW_ACCOUNT_LOAD_LOG_ID.SQL
Sending        SIM_TRADE/SEQUENCE/S_NEW_CONTRACT_CANCEL_ID.SQL
Sending        SIM_TRADE/SEQUENCE/S_NEW_CONTRACT_ID.SQL
Sending        SIM_TRADE/SEQUENCE/S_NEW_DB_LOADER_ACC_PH_HIST_ID.SQL
Sending        SIM_TRADE/SEQUENCE/S_NEW_RECEIVED_PAYMENT_ID.SQL
Sending        commit_to_svn.log
Transmitting file data .........
Committed revision 4641.
Sending        commit_to_svn.log
Transmitting file data .
Committed revision 4644.
Sending        commit_to_svn.log
Transmitting file data .
Committed revision 4647.
Sending        commit_to_svn.log
Transmitting file data .
Committed revision 4651.
Sending        SIM_TRADE/SEQUENCE/SQ_GET_SERVER.SQL
Sending        SIM_TRADE/SEQUENCE/S_BSAL_ID.SQL
Sending        SIM_TRADE/SEQUENCE/S_NEW_ACCOUNT_LOAD_LOG_ID.SQL
Sending        SIM_TRADE/SEQUENCE/S_NEW_CONTRACT_CHANGE_ID.SQL
Sending        SIM_TRADE/SEQUENCE/S_NEW_DB_LOADER_ACC_PH_HIST_ID.SQL
Sending        commit_to_svn.log
Transmitting file data ......
Committed revision 4654.
Sending        commit_to_svn.log
Transmitting file data .
Committed revision 4661.
Sending        commit_to_svn.log
Transmitting file data .
Committed revision 4665.
Sending        commit_to_svn.log
Transmitting file data .
Committed revision 4668.
Sending        SIM_TRADE/JOB/J_ADD_QUEUE_REBLOCK.SQL
Sending        SIM_TRADE/JOB/J_API_TICKET_CHECK.SQL
Sending        SIM_TRADE/JOB/J_AUTO_REBLOCK_PHONES.SQL
Sending        SIM_TRADE/JOB/J_BLOCK_CLIENT_WITH_0_BALANCE.SQL
Sending        SIM_TRADE/JOB/J_BLOCK_PHONES_NO_CONTRACTS.SQL
Sending        SIM_TRADE/JOB/J_CHECK_DB_LOADER_PHONE_STAT.SQL
Sending        SIM_TRADE/JOB/J_EXPORT_OBJECTS_TO_SVN.SQL
Sending        SIM_TRADE/JOB/J_EXPRESS_UNLOCK.SQL
Sending        SIM_TRADE/JOB/J_HOT_BILLING_CALCDETAILSUM1.SQL
Sending        SIM_TRADE/JOB/J_HOT_BILLING_CALCDETAILSUM2.SQL
Sending        SIM_TRADE/JOB/J_LOAD_ACCOUNTS_TARIFFS.SQL
Sending        SIM_TRADE/JOB/J_LOAD_BEELINE_BILLS_1.SQL
Sending        SIM_TRADE/JOB/J_LOAD_BEELINE_BILLS_11.SQL
Sending        SIM_TRADE/JOB/J_LOAD_BILL_CHECK_INCORRECTS.SQL
Sending        SIM_TRADE/JOB/J_LOAD_DETAILS_1.SQL
Sending        SIM_TRADE/JOB/J_LOAD_DETAILS_11.SQL
Sending        SIM_TRADE/JOB/J_LOAD_DETAIL_API_STREAM_00.SQL
Sending        SIM_TRADE/JOB/J_LOAD_DETAIL_API_STREAM_01.SQL
Sending        SIM_TRADE/JOB/J_LOAD_DETAIL_API_STREAM_02.SQL
Sending        SIM_TRADE/JOB/J_LOAD_DETAIL_API_STREAM_03.SQL
Sending        SIM_TRADE/JOB/J_LOAD_DETAIL_API_STREAM_04.SQL
Sending        SIM_TRADE/JOB/J_LOAD_OBJ_ID_1.SQL
Sending        SIM_TRADE/JOB/J_LOAD_OBJ_ID_11.SQL
Sending        SIM_TRADE/JOB/J_LOAD_PAYMENTS_1.SQL
Sending        SIM_TRADE/JOB/J_LOAD_PAYMENTS_11.SQL
Sending        SIM_TRADE/JOB/J_LOAD_PHONES_1.SQL
Sending        SIM_TRADE/JOB/J_LOAD_PHONES_11.SQL
Sending        SIM_TRADE/JOB/J_LOAD_PHONE_OPTIONS_1.SQL
Sending        SIM_TRADE/JOB/J_LOAD_PHONE_OPTIONS_11.SQL
Sending        SIM_TRADE/JOB/J_LOAD_REPORT_DATA_1.SQL
Sending        SIM_TRADE/JOB/J_LOAD_REPORT_DATA_11.SQL
Sending        SIM_TRADE/JOB/J_OS_LOGGER_BACK_UP.SQL
Sending        SIM_TRADE/JOB/J_RUN_P_CR_BALANCE_HISTORY.SQL
Sending        SIM_TRADE/JOB/J_SEND_SMS_NOTICE.SQL
Sending        SIM_TRADE/JOB/J_TEMP_PLSQL_BLOCK.SQL
Sending        SIM_TRADE/JOB/J_TEMP_PLSQL_BLOCK2.SQL
Sending        SIM_TRADE/JOB/J_UNBLOCK_CLIENT_WTH_PLUS_BAL.SQL
Sending        SIM_TRADE/JOB/SMS_ERROR_NOTICE_JOB.SQL
Sending        SIM_TRADE/SEQUENCE/SQ_GET_SERVER.SQL
Sending        SIM_TRADE/SEQUENCE/S_BSAL_ID.SQL
Sending        SIM_TRADE/SEQUENCE/S_NEW_ACCOUNT_LOAD_LOG_ID.SQL
Sending        SIM_TRADE/SEQUENCE/S_NEW_CONSTANT_ID.SQL
Sending        SIM_TRADE/SEQUENCE/S_NEW_DB_LOADER_ACC_PH_HIST_ID.SQL
Sending        commit_to_svn.log
Transmitting file data ............................................
Committed revision 4671.
Sending        commit_to_svn.log
Transmitting file data .
Committed revision 4674.
Sending        commit_to_svn.log
Transmitting file data .
Committed revision 4677.
Sending        commit_to_svn.log
Transmitting file data .
Committed revision 4680.
Sending        SIM_TRADE/SEQUENCE/SQ_GET_SERVER.SQL
Sending        SIM_TRADE/SEQUENCE/S_BSAL_ID.SQL
Sending        SIM_TRADE/SEQUENCE/S_NEW_ACCOUNT_LOAD_LOG_ID.SQL
Sending        SIM_TRADE/SEQUENCE/S_NEW_DB_LOADER_ACC_PH_HIST_ID.SQL
Sending        SIM_TRADE/SEQUENCE/S_NEW_QUEUE_PHONE_REBLOCK_ID.SQL
Sending        commit_to_svn.log
Transmitting file data ......
Committed revision 4683.
Sending        commit_to_svn.log
Transmitting file data .
Committed revision 4686.
Sending        commit_to_svn.log
Transmitting file data .
Committed revision 4689.
Sending        commit_to_svn.log
Transmitting file data .
Committed revision 4692.
Sending        SIM_TRADE/SEQUENCE/SQ_GET_SERVER.SQL
Sending        SIM_TRADE/SEQUENCE/S_BSAL_ID.SQL
Sending        SIM_TRADE/SEQUENCE/S_NEW_ACCOUNT_LOAD_LOG_ID.SQL
Sending        SIM_TRADE/SEQUENCE/S_NEW_DB_LOADER_ACC_PH_HIST_ID.SQL
Sending        SIM_TRADE/TRIGGER/TIU_ACCOUNTS.SQL
Sending        commit_to_svn.log
Transmitting file data ......
Committed revision 4695.
Sending        commit_to_svn.log
Transmitting file data .
Committed revision 4698.
Sending        commit_to_svn.log
Transmitting file data .
Committed revision 4701.
Sending        commit_to_svn.log
Transmitting file data .
Committed revision 4704.
Sending        SIM_TRADE/SEQUENCE/SQ_GET_SERVER.SQL
Sending        SIM_TRADE/SEQUENCE/S_BSAL_ID.SQL
Sending        SIM_TRADE/SEQUENCE/S_NEW_ACCOUNT_LOAD_LOG_ID.SQL
Sending        SIM_TRADE/SEQUENCE/S_NEW_DB_LOADER_ACC_PH_HIST_ID.SQL
Sending        commit_to_svn.log
Transmitting file data .....
Committed revision 4707.
Sending        commit_to_svn.log
Transmitting file data .
Committed revision 4710.
Sending        commit_to_svn.log
Transmitting file data .
Committed revision 4713.
Sending        commit_to_svn.log
Transmitting file data .
Committed revision 4716.
Sending        SIM_TRADE/SEQUENCE/SQ_GET_SERVER.SQL
Sending        SIM_TRADE/SEQUENCE/S_BSAL_ID.SQL
Sending        SIM_TRADE/SEQUENCE/S_NEW_ACCOUNT_LOAD_LOG_ID.SQL
Sending        SIM_TRADE/SEQUENCE/S_NEW_DB_LOADER_ACC_PH_HIST_ID.SQL
Sending        commit_to_svn.log
Transmitting file data .....
Committed revision 4719.
Sending        commit_to_svn.log
Transmitting file data .
Committed revision 4722.
Sending        commit_to_svn.log
Transmitting file data .
Committed revision 4725.
Sending        commit_to_svn.log
Transmitting file data .
Committed revision 4728.
Sending        SIM_TRADE/JOB/J_EXPRESS_UNLOCK.SQL
Sending        SIM_TRADE/SEQUENCE/SQ_GET_SERVER.SQL
Sending        SIM_TRADE/SEQUENCE/S_BSAL_ID.SQL
Sending        SIM_TRADE/SEQUENCE/S_NEW_ACCOUNT_LOAD_LOG_ID.SQL
Sending        SIM_TRADE/SEQUENCE/S_NEW_DB_LOADER_ACC_PH_HIST_ID.SQL
Sending        commit_to_svn.log
Transmitting file data ......
Committed revision 4731.
Sending        commit_to_svn.log
Transmitting file data .
Committed revision 4734.
Sending        commit_to_svn.log
Transmitting file data .
Committed revision 4737.
Sending        commit_to_svn.log
Transmitting file data .
Committed revision 4741.
Sending        SIM_TRADE/SEQUENCE/SQ_GET_SERVER.SQL
Sending        SIM_TRADE/SEQUENCE/S_BSAL_ID.SQL
Sending        SIM_TRADE/SEQUENCE/S_NEW_ACCOUNT_LOAD_LOG_ID.SQL
Sending        SIM_TRADE/SEQUENCE/S_NEW_DB_LOADER_ACC_PH_HIST_ID.SQL
Sending        SIM_TRADE/SEQUENCE/S_NEW_STATUS_ID.SQL
Sending        commit_to_svn.log
Transmitting file data ......
Committed revision 4744.
Sending        commit_to_svn.log
Transmitting file data .
Committed revision 4747.
Sending        commit_to_svn.log
Transmitting file data .
Committed revision 4750.
Sending        commit_to_svn.log
Transmitting file data .
Committed revision 4753.
Sending        SIM_TRADE/SEQUENCE/SQ_GET_SERVER.SQL
Sending        SIM_TRADE/SEQUENCE/S_BSAL_ID.SQL
Sending        SIM_TRADE/SEQUENCE/S_NEW_ACCOUNT_LOAD_LOG_ID.SQL
Sending        SIM_TRADE/SEQUENCE/S_NEW_DB_LOADER_ACC_PH_HIST_ID.SQL
Sending        commit_to_svn.log
Transmitting file data .....
Committed revision 4756.
Sending        commit_to_svn.log
Transmitting file data .
Committed revision 4759.
Sending        commit_to_svn.log
Transmitting file data .
Committed revision 4762.
Sending        commit_to_svn.log
Transmitting file data .
Committed revision 4765.
Sending        SIM_TRADE/SEQUENCE/SQ_GET_SERVER.SQL
Sending        SIM_TRADE/SEQUENCE/S_BSAL_ID.SQL
Sending        SIM_TRADE/SEQUENCE/S_NEW_ACCOUNT_LOAD_LOG_ID.SQL
Sending        SIM_TRADE/SEQUENCE/S_NEW_DB_LOADER_ACC_PH_HIST_ID.SQL
Sending        commit_to_svn.log
Transmitting file data .....
Committed revision 4768.
Sending        commit_to_svn.log
Transmitting file data .
Committed revision 4771.
Sending        commit_to_svn.log
Transmitting file data .
Committed revision 4774.
Sending        commit_to_svn.log
Transmitting file data .
Committed revision 4777.
Sending        SIM_TRADE/SEQUENCE/SQ_GET_SERVER.SQL
Sending        SIM_TRADE/SEQUENCE/S_BSAL_ID.SQL
Sending        SIM_TRADE/SEQUENCE/S_NEW_ACCOUNT_LOAD_LOG_ID.SQL
Sending        commit_to_svn.log
Transmitting file data ....
Committed revision 4780.
Sending        commit_to_svn.log
Transmitting file data .
Committed revision 4783.
Sending        commit_to_svn.log
Transmitting file data .
Committed revision 4786.
Sending        commit_to_svn.log
Transmitting file data .
Committed revision 4789.
Sending        SIM_TRADE/SEQUENCE/SQ_GET_SERVER.SQL
Sending        SIM_TRADE/SEQUENCE/S_BSAL_ID.SQL
Sending        SIM_TRADE/SEQUENCE/S_NEW_ACCOUNT_LOAD_LOG_ID.SQL
Sending        SIM_TRADE/SEQUENCE/S_NEW_DB_LOADER_ACC_PH_HIST_ID.SQL
Sending        commit_to_svn.log
Transmitting file data .....
Committed revision 4792.
Sending        commit_to_svn.log
Transmitting file data .
Committed revision 4795.
Sending        commit_to_svn.log
Transmitting file data .
Committed revision 4798.
Sending        commit_to_svn.log
Transmitting file data .
Committed revision 4801.
Sending        SIM_TRADE/SEQUENCE/SQ_GET_SERVER.SQL
Sending        SIM_TRADE/SEQUENCE/S_BSAL_ID.SQL
Sending        SIM_TRADE/SEQUENCE/S_NEW_ACCOUNT_LOAD_LOG_ID.SQL
Sending        SIM_TRADE/SEQUENCE/S_NEW_DB_LOADER_ACC_PH_HIST_ID.SQL
Sending        commit_to_svn.log
Transmitting file data .....
Committed revision 4804.
Sending        commit_to_svn.log
Transmitting file data .
Committed revision 4807.
Sending        commit_to_svn.log
Transmitting file data .
Committed revision 4810.
Sending        commit_to_svn.log
Transmitting file data .
Committed revision 4813.
Sending        SIM_TRADE/SEQUENCE/SQ_GET_SERVER.SQL
Sending        SIM_TRADE/SEQUENCE/S_BSAL_ID.SQL
Sending        SIM_TRADE/SEQUENCE/S_NEW_ACCOUNT_LOAD_LOG_ID.SQL
Sending        SIM_TRADE/TABLE/EXT_LOADER_CALL_N_LOG.SQL
Sending        commit_to_svn.log
Transmitting file data .....
Committed revision 4815.
Sending        commit_to_svn.log
Transmitting file data .
Committed revision 4818.
Sending        commit_to_svn.log
Transmitting file data .
Committed revision 4821.
Sending        commit_to_svn.log
Transmitting file data .
Committed revision 4824.
Sending        SIM_TRADE/SEQUENCE/SQ_GET_SERVER.SQL
Sending        SIM_TRADE/SEQUENCE/S_BSAL_ID.SQL
Sending        SIM_TRADE/SEQUENCE/S_NEW_ACCOUNT_LOAD_LOG_ID.SQL
Sending        SIM_TRADE/SEQUENCE/S_NEW_DB_LOADER_ACC_PH_HIST_ID.SQL
Sending        SIM_TRADE/SEQUENCE/S_NEW_QUEUE_PHONE_REBLOCK_ID.SQL
Sending        SIM_TRADE/TABLE/EXT_BEELINE_SOAP_API_LOG.SQL
Sending        commit_to_svn.log
Transmitting file data .......
Committed revision 4827.
Sending        commit_to_svn.log
Transmitting file data .
Committed revision 4830.
Sending        commit_to_svn.log
Transmitting file data .
Committed revision 4833.
Sending        commit_to_svn.log
Transmitting file data .
Committed revision 4836.
Sending        SIM_TRADE/SEQUENCE/SQ_GET_SERVER.SQL
Sending        SIM_TRADE/SEQUENCE/S_BSAL_ID.SQL
Sending        SIM_TRADE/SEQUENCE/S_NEW_ACCOUNT_LOAD_LOG_ID.SQL
Sending        SIM_TRADE/SEQUENCE/S_NEW_DB_LOADER_ACC_PH_HIST_ID.SQL
Sending        commit_to_svn.log
Transmitting file data .....
Committed revision 4839.
Sending        commit_to_svn.log
Transmitting file data .
Committed revision 4842.
Sending        commit_to_svn.log
Transmitting file data .
Committed revision 4845.
Sending        commit_to_svn.log
Transmitting file data .
Committed revision 4848.
Sending        SIM_TRADE/SEQUENCE/SQ_GET_SERVER.SQL
Sending        SIM_TRADE/SEQUENCE/S_BSAL_ID.SQL
Sending        SIM_TRADE/SEQUENCE/S_NEW_ACCOUNT_LOAD_LOG_ID.SQL
Sending        SIM_TRADE/SEQUENCE/S_NEW_DB_LOADER_ACC_PH_HIST_ID.SQL
Sending        commit_to_svn.log
Transmitting file data .....
Committed revision 4850.
Sending        commit_to_svn.log
Transmitting file data .
Committed revision 4853.
Sending        commit_to_svn.log
Transmitting file data .
Committed revision 4856.
Sending        commit_to_svn.log
Transmitting file data .
Committed revision 4859.
Sending        SIM_TRADE/SEQUENCE/SQ_GET_SERVER.SQL
Sending        SIM_TRADE/SEQUENCE/S_BSAL_ID.SQL
Sending        SIM_TRADE/SEQUENCE/S_NEW_ACCOUNT_LOAD_LOG_ID.SQL
Sending        SIM_TRADE/SEQUENCE/S_NEW_DB_LOADER_ACC_PH_HIST_ID.SQL
Sending        commit_to_svn.log
Transmitting file data .....
Committed revision 4861.
Sending        commit_to_svn.log
Transmitting file data .
Committed revision 4864.
Sending        commit_to_svn.log
Transmitting file data .
Committed revision 4867.
Sending        commit_to_svn.log
Transmitting file data .
Committed revision 4870.
Sending        SIM_TRADE/SEQUENCE/SQ_GET_SERVER.SQL
Sending        SIM_TRADE/SEQUENCE/S_BSAL_ID.SQL
Sending        SIM_TRADE/SEQUENCE/S_NEW_ACCOUNT_LOAD_LOG_ID.SQL
Sending        SIM_TRADE/SEQUENCE/S_NEW_DB_LOADER_ACC_PH_HIST_ID.SQL
Sending        commit_to_svn.log
Transmitting file data .....
Committed revision 4873.
Sending        commit_to_svn.log
Transmitting file data .
Committed revision 4876.
Sending        commit_to_svn.log
Transmitting file data .
Committed revision 4879.
Sending        commit_to_svn.log
Transmitting file data .
Committed revision 4882.
Sending        SIM_TRADE/SEQUENCE/SQ_GET_SERVER.SQL
Sending        SIM_TRADE/SEQUENCE/S_BSAL_ID.SQL
Sending        SIM_TRADE/SEQUENCE/S_NEW_ACCOUNT_LOAD_LOG_ID.SQL
Sending        commit_to_svn.log
Transmitting file data ....
Committed revision 4884.
Sending        commit_to_svn.log
Transmitting file data .
Committed revision 4887.
Sending        commit_to_svn.log
Transmitting file data .
Committed revision 4890.
Sending        commit_to_svn.log
Transmitting file data .
Committed revision 4893.
Sending        SIM_TRADE/SEQUENCE/SQ_GET_SERVER.SQL
Sending        SIM_TRADE/SEQUENCE/S_BSAL_ID.SQL
Sending        SIM_TRADE/SEQUENCE/S_NEW_ACCOUNT_LOAD_LOG_ID.SQL
Sending        SIM_TRADE/SEQUENCE/S_NEW_DB_LOADER_ACC_PH_HIST_ID.SQL
Sending        SIM_TRADE/SEQUENCE/S_NEW_QUEUE_PHONE_REBLOCK_ID.SQL
Sending        commit_to_svn.log
Transmitting file data ......
Committed revision 4896.
Sending        commit_to_svn.log
Transmitting file data .
Committed revision 4899.
Sending        commit_to_svn.log
Transmitting file data .
Committed revision 4902.
Sending        commit_to_svn.log
Transmitting file data .
Committed revision 4905.
Sending        SIM_TRADE/SEQUENCE/SQ_GET_SERVER.SQL
Sending        SIM_TRADE/SEQUENCE/S_BSAL_ID.SQL
Sending        SIM_TRADE/SEQUENCE/S_NEW_ACCOUNT_LOAD_LOG_ID.SQL
Sending        commit_to_svn.log
Transmitting file data ....
Committed revision 4908.
Sending        commit_to_svn.log
Transmitting file data .
Committed revision 4911.
Sending        commit_to_svn.log
Transmitting file data .
Committed revision 4914.
Sending        commit_to_svn.log
Transmitting file data .
Committed revision 4917.
Sending        SIM_TRADE/SEQUENCE/SQ_GET_SERVER.SQL
Sending        SIM_TRADE/SEQUENCE/S_BSAL_ID.SQL
Sending        SIM_TRADE/SEQUENCE/S_NEW_ACCOUNT_LOAD_LOG_ID.SQL
Sending        SIM_TRADE/SEQUENCE/S_NEW_DB_LOADER_ACC_PH_HIST_ID.SQL
Sending        commit_to_svn.log
Transmitting file data .....
Committed revision 4920.
Sending        commit_to_svn.log
Transmitting file data .
Committed revision 4924.
Sending        commit_to_svn.log
Transmitting file data .
Committed revision 4927.
Sending        commit_to_svn.log
Transmitting file data .
Committed revision 4930.
Sending        SIM_TRADE/SEQUENCE/SQ_GET_SERVER.SQL
Sending        SIM_TRADE/SEQUENCE/S_BSAL_ID.SQL
Sending        SIM_TRADE/SEQUENCE/S_NEW_ABONENT_ID.SQL
Sending        SIM_TRADE/SEQUENCE/S_NEW_ACCOUNT_LOAD_LOG_ID.SQL
Sending        SIM_TRADE/SEQUENCE/S_NEW_CONTRACT_ID.SQL
Sending        SIM_TRADE/SEQUENCE/S_NEW_DB_LOADER_ACC_PH_HIST_ID.SQL
Sending        SIM_TRADE/SEQUENCE/S_NEW_RECEIVED_PAYMENT_ID.SQL
Sending        commit_to_svn.log
Transmitting file data ........
Committed revision 4933.
Sending        commit_to_svn.log
Transmitting file data .
Committed revision 4936.
Sending        commit_to_svn.log
Transmitting file data .
Committed revision 4939.
Sending        commit_to_svn.log
Transmitting file data .
Committed revision 4944.
Sending        SIM_TRADE/SEQUENCE/SQ_GET_SERVER.SQL
Sending        SIM_TRADE/SEQUENCE/S_BSAL_ID.SQL
Sending        SIM_TRADE/SEQUENCE/S_NEW_ACCOUNT_LOAD_LOG_ID.SQL
Sending        SIM_TRADE/SEQUENCE/S_NEW_DB_LOADER_ACC_PH_HIST_ID.SQL
Sending        SIM_TRADE/SEQUENCE/S_NEW_QUEUE_PHONE_REBLOCK_ID.SQL
Sending        commit_to_svn.log
Transmitting file data ......
Committed revision 4947.
Sending        commit_to_svn.log
Transmitting file data .
Committed revision 4950.
Sending        commit_to_svn.log
Transmitting file data .
Committed revision 4953.
Sending        commit_to_svn.log
Transmitting file data .
Committed revision 4956.
Sending        SIM_TRADE/SEQUENCE/SQ_GET_SERVER.SQL
Sending        SIM_TRADE/SEQUENCE/S_BSAL_ID.SQL
Sending        SIM_TRADE/SEQUENCE/S_NEW_ACCOUNT_LOAD_LOG_ID.SQL
Sending        SIM_TRADE/SEQUENCE/S_NEW_DB_LOADER_ACC_PH_HIST_ID.SQL
Sending        commit_to_svn.log
Transmitting file data .....
Committed revision 4959.
Sending        commit_to_svn.log
Transmitting file data .
Committed revision 4962.
Sending        commit_to_svn.log
Transmitting file data .
Committed revision 4965.
Sending        commit_to_svn.log
Transmitting file data .
Committed revision 4968.
Sending        SIM_TRADE/SEQUENCE/SQ_GET_SERVER.SQL
Sending        SIM_TRADE/SEQUENCE/S_BSAL_ID.SQL
Sending        SIM_TRADE/SEQUENCE/S_NEW_ACCOUNT_LOAD_LOG_ID.SQL
Sending        SIM_TRADE/SEQUENCE/S_NEW_DB_LOADER_ACC_PH_HIST_ID.SQL
Sending        commit_to_svn.log
Transmitting file data .....
Committed revision 4971.
Sending        commit_to_svn.log
Transmitting file data .
Committed revision 4974.
Sending        commit_to_svn.log
Transmitting file data .
Committed revision 4977.
Sending        commit_to_svn.log
Transmitting file data .
Committed revision 4981.
Sending        SIM_TRADE/SEQUENCE/SQ_GET_SERVER.SQL
Sending        SIM_TRADE/SEQUENCE/S_BSAL_ID.SQL
Sending        SIM_TRADE/SEQUENCE/S_NEW_ACCOUNT_LOAD_LOG_ID.SQL
Sending        SIM_TRADE/SEQUENCE/S_NEW_DB_LOADER_ACC_PH_HIST_ID.SQL
Sending        commit_to_svn.log
Transmitting file data .....
Committed revision 4985.
Sending        commit_to_svn.log
Transmitting file data .
Committed revision 4990.
Sending        commit_to_svn.log
Transmitting file data .
Committed revision 4995.
Sending        commit_to_svn.log
Transmitting file data .
Committed revision 4999.
Sending        SIM_TRADE/SEQUENCE/SQ_GET_SERVER.SQL
Sending        SIM_TRADE/SEQUENCE/S_BSAL_ID.SQL
Sending        SIM_TRADE/SEQUENCE/S_NEW_ACCOUNT_LOAD_LOG_ID.SQL
Sending        SIM_TRADE/SEQUENCE/S_NEW_DB_LOADER_ACC_PH_HIST_ID.SQL
Sending        commit_to_svn.log
Transmitting file data .....
Committed revision 5002.
Sending        commit_to_svn.log
Transmitting file data .
Committed revision 5005.
Sending        commit_to_svn.log
Transmitting file data .
Committed revision 5008.
Sending        commit_to_svn.log
Transmitting file data .
Committed revision 5011.
Sending        SIM_TRADE/SEQUENCE/SQ_GET_SERVER.SQL
Sending        SIM_TRADE/SEQUENCE/S_BSAL_ID.SQL
Sending        SIM_TRADE/SEQUENCE/S_NEW_ACCOUNT_LOAD_LOG_ID.SQL
Sending        commit_to_svn.log
Transmitting file data ....
Committed revision 5014.
Sending        commit_to_svn.log
Transmitting file data .
Committed revision 5017.
Sending        commit_to_svn.log
Transmitting file data .
Committed revision 5020.
Sending        commit_to_svn.log
Transmitting file data .
Committed revision 5023.
Sending        SIM_TRADE/SEQUENCE/SQ_GET_SERVER.SQL
Sending        SIM_TRADE/SEQUENCE/S_BSAL_ID.SQL
Sending        SIM_TRADE/SEQUENCE/S_NEW_ACCOUNT_LOAD_LOG_ID.SQL
Sending        SIM_TRADE/SEQUENCE/S_NEW_CONTRACT_CHANGE_ID.SQL
Sending        SIM_TRADE/SEQUENCE/S_NEW_DB_LOADER_ACC_PH_HIST_ID.SQL
Sending        commit_to_svn.log
Transmitting file data ......
Committed revision 5026.
Sending        commit_to_svn.log
Transmitting file data .
Committed revision 5029.
Sending        commit_to_svn.log
Transmitting file data .
Committed revision 5033.
Sending        commit_to_svn.log
Transmitting file data .
Committed revision 5036.
Sending        SIM_TRADE/SEQUENCE/SQ_GET_SERVER.SQL
Sending        SIM_TRADE/SEQUENCE/S_BSAL_ID.SQL
Sending        SIM_TRADE/SEQUENCE/S_NEW_ACCOUNT_LOAD_LOG_ID.SQL
Sending        SIM_TRADE/SEQUENCE/S_NEW_DB_LOADER_ACC_PH_HIST_ID.SQL
Sending        SIM_TRADE/SEQUENCE/S_NEW_QUEUE_PHONE_REBLOCK_ID.SQL
Sending        SIM_TRADE/SEQUENCE/S_SESSION_BALNOW.SQL
Sending        commit_to_svn.log
Transmitting file data .......
Committed revision 5039.
Sending        commit_to_svn.log
Transmitting file data .
Committed revision 5043.
Sending        commit_to_svn.log
Transmitting file data .
Committed revision 5046.
Sending        commit_to_svn.log
Transmitting file data .
Committed revision 5049.
Sending        SIM_TRADE/SEQUENCE/SQ_GET_SERVER.SQL
Sending        SIM_TRADE/SEQUENCE/S_BSAL_ID.SQL
Sending        SIM_TRADE/SEQUENCE/S_NEW_ACCOUNT_LOAD_LOG_ID.SQL
Sending        SIM_TRADE/SEQUENCE/S_NEW_DB_LOADER_ACC_PH_HIST_ID.SQL
Sending        commit_to_svn.log
Transmitting file data .....
Committed revision 5052.
Sending        commit_to_svn.log
Transmitting file data .
Committed revision 5056.
Sending        commit_to_svn.log
Transmitting file data .
Committed revision 5059.
Sending        commit_to_svn.log
Transmitting file data .
Committed revision 5063.
Sending        SIM_TRADE/SEQUENCE/SQ_GET_SERVER.SQL
Sending        SIM_TRADE/SEQUENCE/S_BSAL_ID.SQL
Sending        SIM_TRADE/SEQUENCE/S_NEW_ACCOUNT_LOAD_LOG_ID.SQL
Sending        commit_to_svn.log
Transmitting file data ....
Committed revision 5066.
Sending        commit_to_svn.log
Transmitting file data .
Committed revision 5069.
Sending        commit_to_svn.log
Transmitting file data .
Committed revision 5072.
Sending        commit_to_svn.log
Transmitting file data .
Committed revision 5075.
Sending        SIM_TRADE/SEQUENCE/SQ_GET_SERVER.SQL
Sending        SIM_TRADE/SEQUENCE/S_BSAL_ID.SQL
Sending        SIM_TRADE/SEQUENCE/S_NEW_ACCOUNT_LOAD_LOG_ID.SQL
Sending        SIM_TRADE/SEQUENCE/S_NEW_DB_LOADER_ACC_PH_HIST_ID.SQL
Sending        commit_to_svn.log
Transmitting file data .....
Committed revision 5078.
Sending        commit_to_svn.log
Transmitting file data .
Committed revision 5081.
Sending        commit_to_svn.log
Transmitting file data .
Committed revision 5084.
Sending        commit_to_svn.log
Transmitting file data .
Committed revision 5087.
Sending        SIM_TRADE/SEQUENCE/SQ_GET_SERVER.SQL
Sending        SIM_TRADE/SEQUENCE/S_BSAL_ID.SQL
Sending        SIM_TRADE/SEQUENCE/S_NEW_ACCOUNT_LOAD_LOG_ID.SQL
Sending        SIM_TRADE/SEQUENCE/S_NEW_DB_LOADER_ACC_PH_HIST_ID.SQL
Sending        commit_to_svn.log
Transmitting file data .....
Committed revision 5090.
Sending        commit_to_svn.log
Transmitting file data .
Committed revision 5093.
Sending        commit_to_svn.log
Transmitting file data .
Committed revision 5096.
Sending        commit_to_svn.log
Transmitting file data .
Committed revision 5099.
Sending        SIM_TRADE/SEQUENCE/SQ_GET_SERVER.SQL
Sending        SIM_TRADE/SEQUENCE/S_BSAL_ID.SQL
Sending        SIM_TRADE/SEQUENCE/S_NEW_ACCOUNT_LOAD_LOG_ID.SQL
Sending        commit_to_svn.log
Transmitting file data ....
Committed revision 5102.
Sending        commit_to_svn.log
Transmitting file data .
Committed revision 5105.
Sending        commit_to_svn.log
Transmitting file data .
Committed revision 5108.
Sending        commit_to_svn.log
Transmitting file data .
Committed revision 5111.
Sending        SIM_TRADE/SEQUENCE/SQ_GET_SERVER.SQL
Sending        SIM_TRADE/SEQUENCE/S_BSAL_ID.SQL
Sending        SIM_TRADE/SEQUENCE/S_NEW_ACCOUNT_LOAD_LOG_ID.SQL
Sending        SIM_TRADE/SEQUENCE/S_NEW_DB_LOADER_ACC_PH_HIST_ID.SQL
Sending        SIM_TRADE/TABLE/EXT_LOADER_CALL_N_LOG.SQL
Sending        commit_to_svn.log
Transmitting file data ......
Committed revision 5113.
Sending        commit_to_svn.log
Transmitting file data .
Committed revision 5116.
Sending        commit_to_svn.log
Transmitting file data .
Committed revision 5119.
Sending        commit_to_svn.log
Transmitting file data .
Committed revision 5122.
Sending        SIM_TRADE/SEQUENCE/SQ_GET_SERVER.SQL
Sending        SIM_TRADE/SEQUENCE/S_BSAL_ID.SQL
Sending        SIM_TRADE/SEQUENCE/S_NEW_ACCOUNT_LOAD_LOG_ID.SQL
Sending        SIM_TRADE/SEQUENCE/S_NEW_DB_LOADER_ACC_PH_HIST_ID.SQL
Sending        SIM_TRADE/SEQUENCE/S_NEW_QUEUE_PHONE_REBLOCK_ID.SQL
Sending        SIM_TRADE/TABLE/EXT_BEELINE_SOAP_API_LOG.SQL
Sending        commit_to_svn.log
Transmitting file data .......
Committed revision 5124.
Sending        commit_to_svn.log
Transmitting file data .
Committed revision 5127.
Sending        commit_to_svn.log
Transmitting file data .
Committed revision 5130.
Sending        commit_to_svn.log
Transmitting file data .
Committed revision 5133.
Sending        SIM_TRADE/SEQUENCE/SQ_GET_SERVER.SQL
Sending        SIM_TRADE/SEQUENCE/S_BSAL_ID.SQL
Sending        SIM_TRADE/SEQUENCE/S_NEW_ACCOUNT_LOAD_LOG_ID.SQL
Sending        SIM_TRADE/SEQUENCE/S_NEW_DB_LOADER_ACC_PH_HIST_ID.SQL
Sending        commit_to_svn.log
Transmitting file data .....
Committed revision 5135.
Sending        commit_to_svn.log
Transmitting file data .
Committed revision 5138.
Sending        commit_to_svn.log
Transmitting file data .
Committed revision 5141.
Sending        commit_to_svn.log
Transmitting file data .
Committed revision 5144.
Sending        SIM_TRADE/SEQUENCE/SQ_GET_SERVER.SQL
Sending        SIM_TRADE/SEQUENCE/S_BSAL_ID.SQL
Sending        SIM_TRADE/SEQUENCE/S_NEW_ACCOUNT_LOAD_LOG_ID.SQL
Sending        SIM_TRADE/SEQUENCE/S_NEW_DB_LOADER_ACC_PH_HIST_ID.SQL
Sending        commit_to_svn.log
Transmitting file data .....
Committed revision 5146.
Sending        commit_to_svn.log
Transmitting file data .
Committed revision 5149.
Sending        commit_to_svn.log
Transmitting file data .
Committed revision 5152.
Sending        commit_to_svn.log
Transmitting file data .
Committed revision 5155.
Sending        SIM_TRADE/SEQUENCE/SQ_GET_SERVER.SQL
Sending        SIM_TRADE/SEQUENCE/S_BSAL_ID.SQL
Sending        SIM_TRADE/SEQUENCE/S_NEW_ACCOUNT_LOAD_LOG_ID.SQL
Sending        commit_to_svn.log
Transmitting file data ....
Committed revision 5157.
Sending        commit_to_svn.log
Transmitting file data .
Committed revision 5159.
Sending        commit_to_svn.log
Transmitting file data .
Committed revision 5163.
Sending        commit_to_svn.log
Transmitting file data .
Committed revision 5166.
Sending        SIM_TRADE/SEQUENCE/SQ_GET_SERVER.SQL
Sending        SIM_TRADE/SEQUENCE/S_BSAL_ID.SQL
Sending        SIM_TRADE/SEQUENCE/S_NEW_ACCOUNT_LOAD_LOG_ID.SQL
Sending        SIM_TRADE/SEQUENCE/S_NEW_DB_LOADER_ACC_PH_HIST_ID.SQL
Sending        commit_to_svn.log
Transmitting file data .....
Committed revision 5168.
Sending        commit_to_svn.log
Transmitting file data .
Committed revision 5172.
Sending        commit_to_svn.log
Transmitting file data .
Committed revision 5175.
Sending        commit_to_svn.log
Transmitting file data .
Committed revision 5178.
Sending        SIM_TRADE/SEQUENCE/SQ_GET_SERVER.SQL
Sending        SIM_TRADE/SEQUENCE/S_BSAL_ID.SQL
Sending        SIM_TRADE/SEQUENCE/S_NEW_ACCOUNT_LOAD_LOG_ID.SQL
Sending        commit_to_svn.log
Transmitting file data ....
Committed revision 5180.
Sending        commit_to_svn.log
Transmitting file data .
Committed revision 5183.
Sending        commit_to_svn.log
Transmitting file data .
Committed revision 5186.
Sending        commit_to_svn.log
Transmitting file data .
Committed revision 5189.
Sending        SIM_TRADE/SEQUENCE/SQ_GET_SERVER.SQL
Sending        SIM_TRADE/SEQUENCE/S_BSAL_ID.SQL
Sending        SIM_TRADE/SEQUENCE/S_NEW_ACCOUNT_LOAD_LOG_ID.SQL
Sending        SIM_TRADE/SEQUENCE/S_NEW_DB_LOADER_ACC_PH_HIST_ID.SQL
Sending        SIM_TRADE/SEQUENCE/S_NEW_QUEUE_PHONE_REBLOCK_ID.SQL
Sending        commit_to_svn.log
Transmitting file data ......
Committed revision 5192.
Sending        commit_to_svn.log
Transmitting file data .
Committed revision 5195.
Sending        commit_to_svn.log
Transmitting file data .
Committed revision 5198.
Sending        commit_to_svn.log
Transmitting file data .
Committed revision 5201.
Sending        SIM_TRADE/SEQUENCE/SQ_GET_SERVER.SQL
Sending        SIM_TRADE/SEQUENCE/S_BSAL_ID.SQL
Sending        SIM_TRADE/SEQUENCE/S_NEW_ACCOUNT_LOAD_LOG_ID.SQL
Sending        SIM_TRADE/SEQUENCE/S_NEW_DB_LOADER_ACC_PH_HIST_ID.SQL
Sending        commit_to_svn.log
Transmitting file data .....
Committed revision 5204.
Sending        commit_to_svn.log
Transmitting file data .
Committed revision 5208.
Sending        commit_to_svn.log
Transmitting file data .
Committed revision 5211.
Sending        commit_to_svn.log
Transmitting file data .
Committed revision 5214.
Sending        SIM_TRADE/SEQUENCE/SQ_GET_SERVER.SQL
Sending        SIM_TRADE/SEQUENCE/S_BSAL_ID.SQL
Sending        SIM_TRADE/SEQUENCE/S_NEW_ACCOUNT_LOAD_LOG_ID.SQL
Sending        SIM_TRADE/SEQUENCE/S_NEW_DB_LOADER_ACC_PH_HIST_ID.SQL
Sending        SIM_TRADE/SEQUENCE/S_NEW_QUEUE_PHONE_REBLOCK_ID.SQL
Sending        commit_to_svn.log
Transmitting file data ......
Committed revision 5217.
Sending        commit_to_svn.log
Transmitting file data .
Committed revision 5220.
Sending        commit_to_svn.log
Transmitting file data .
Committed revision 5223.
Sending        commit_to_svn.log
Transmitting file data .
Committed revision 5227.
Sending        SIM_TRADE/SEQUENCE/SQ_GET_SERVER.SQL
Sending        SIM_TRADE/SEQUENCE/S_BSAL_ID.SQL
Sending        SIM_TRADE/SEQUENCE/S_NEW_ACCOUNT_LOAD_LOG_ID.SQL
Sending        SIM_TRADE/SEQUENCE/S_NEW_DB_LOADER_ACC_PH_HIST_ID.SQL
Sending        commit_to_svn.log
Transmitting file data .....
Committed revision 5231.
Sending        commit_to_svn.log
Transmitting file data .
Committed revision 5234.
Sending        commit_to_svn.log
Transmitting file data .
Committed revision 5238.
Sending        commit_to_svn.log
Transmitting file data .
Committed revision 5241.
Sending        SIM_TRADE/SEQUENCE/SQ_GET_SERVER.SQL
Sending        SIM_TRADE/SEQUENCE/S_BSAL_ID.SQL
Sending        SIM_TRADE/SEQUENCE/S_NEW_ABONENT_ID.SQL
Sending        SIM_TRADE/SEQUENCE/S_NEW_ACCOUNT_LOAD_LOG_ID.SQL
Sending        SIM_TRADE/SEQUENCE/S_NEW_CONTRACT_CANCEL_ID.SQL
Sending        SIM_TRADE/SEQUENCE/S_NEW_CONTRACT_ID.SQL
Sending        SIM_TRADE/SEQUENCE/S_NEW_DB_LOADER_ACC_PH_HIST_ID.SQL
Sending        SIM_TRADE/SEQUENCE/S_NEW_RECEIVED_PAYMENT_ID.SQL
Sending        SIM_TRADE/SEQUENCE/S_SESSION_BALNOW.SQL
Sending        commit_to_svn.log
Transmitting file data ..........
Committed revision 5244.
Sending        commit_to_svn.log
Transmitting file data .
Committed revision 5247.
Sending        commit_to_svn.log
Transmitting file data .
Committed revision 5250.
Sending        commit_to_svn.log
Transmitting file data .
Committed revision 5253.
Sending        SIM_TRADE/SEQUENCE/SQ_GET_SERVER.SQL
Sending        SIM_TRADE/SEQUENCE/S_BSAL_ID.SQL
Sending        SIM_TRADE/SEQUENCE/S_NEW_ACCOUNT_LOAD_LOG_ID.SQL
Sending        SIM_TRADE/SEQUENCE/S_NEW_DB_LOADER_ACC_PH_HIST_ID.SQL
Sending        commit_to_svn.log
Transmitting file data .....
Committed revision 5256.
Sending        commit_to_svn.log
Transmitting file data .
Committed revision 5259.
Sending        commit_to_svn.log
Transmitting file data .
Committed revision 5262.
Sending        commit_to_svn.log
Transmitting file data .
Committed revision 5265.
Sending        SIM_TRADE/SEQUENCE/SQ_GET_SERVER.SQL
Sending        SIM_TRADE/SEQUENCE/S_BSAL_ID.SQL
Sending        SIM_TRADE/SEQUENCE/S_NEW_ACCOUNT_LOAD_LOG_ID.SQL
Sending        SIM_TRADE/SEQUENCE/S_NEW_DB_LOADER_ACC_PH_HIST_ID.SQL
Sending        commit_to_svn.log
Transmitting file data .....
Committed revision 5268.
Sending        commit_to_svn.log
Transmitting file data .
Committed revision 5271.
Sending        commit_to_svn.log
Transmitting file data .
Committed revision 5274.
Sending        commit_to_svn.log
Transmitting file data .
Committed revision 5277.
Sending        SIM_TRADE/SEQUENCE/SQ_GET_SERVER.SQL
Sending        SIM_TRADE/SEQUENCE/S_BSAL_ID.SQL
Sending        SIM_TRADE/SEQUENCE/S_NEW_ACCOUNT_LOAD_LOG_ID.SQL
Sending        SIM_TRADE/SEQUENCE/S_NEW_DB_LOADER_ACC_PH_HIST_ID.SQL
Sending        commit_to_svn.log
Transmitting file data .....
Committed revision 5280.
Sending        commit_to_svn.log
Transmitting file data .
Committed revision 5283.
Sending        commit_to_svn.log
Transmitting file data .
Committed revision 5286.
Sending        commit_to_svn.log
Transmitting file data .
Committed revision 5289.
Sending        SIM_TRADE/SEQUENCE/SQ_GET_SERVER.SQL
Sending        SIM_TRADE/SEQUENCE/S_BSAL_ID.SQL
Sending        SIM_TRADE/SEQUENCE/S_NEW_ACCOUNT_LOAD_LOG_ID.SQL
Sending        SIM_TRADE/SEQUENCE/S_NEW_DB_LOADER_ACC_PH_HIST_ID.SQL
Sending        commit_to_svn.log
Transmitting file data .....
Committed revision 5292.
Sending        commit_to_svn.log
Transmitting file data .
Committed revision 5295.
Sending        commit_to_svn.log
Transmitting file data .
Committed revision 5298.
Sending        commit_to_svn.log
Transmitting file data .
Committed revision 5301.
Sending        SIM_TRADE/SEQUENCE/SQ_GET_SERVER.SQL
Sending        SIM_TRADE/SEQUENCE/S_BSAL_ID.SQL
Sending        SIM_TRADE/SEQUENCE/S_NEW_ACCOUNT_LOAD_LOG_ID.SQL
Sending        SIM_TRADE/SEQUENCE/S_NEW_DB_LOADER_ACC_PH_HIST_ID.SQL
Sending        commit_to_svn.log
Transmitting file data .....
Committed revision 5304.
Sending        commit_to_svn.log
Transmitting file data .
Committed revision 5307.
Sending        commit_to_svn.log
Transmitting file data .
Committed revision 5310.
Sending        commit_to_svn.log
Transmitting file data .
Committed revision 5313.
Sending        SIM_TRADE/SEQUENCE/SQ_GET_SERVER.SQL
Sending        SIM_TRADE/SEQUENCE/S_BSAL_ID.SQL
Sending        SIM_TRADE/SEQUENCE/S_NEW_ACCOUNT_ID.SQL
Sending        SIM_TRADE/SEQUENCE/S_NEW_ACCOUNT_LOAD_LOG_ID.SQL
Sending        SIM_TRADE/SEQUENCE/S_NEW_DB_LOADER_ACC_PH_HIST_ID.SQL
Sending        SIM_TRADE/SEQUENCE/S_NEW_TARIFF_ID.SQL
Sending        SIM_TRADE/SEQUENCE/S_SESSION_BALNOW.SQL
Sending        commit_to_svn.log
Transmitting file data ........
Committed revision 5316.
Sending        commit_to_svn.log
Transmitting file data .
Committed revision 5319.
Sending        commit_to_svn.log
Transmitting file data .
Committed revision 5323.
Sending        commit_to_svn.log
Transmitting file data .
Committed revision 5326.
Sending        SIM_TRADE/SEQUENCE/SQ_GET_SERVER.SQL
Sending        SIM_TRADE/SEQUENCE/S_BSAL_ID.SQL
Sending        SIM_TRADE/SEQUENCE/S_NEW_ACCOUNT_LOAD_LOG_ID.SQL
Sending        SIM_TRADE/SEQUENCE/S_NEW_DB_LOADER_ACC_PH_HIST_ID.SQL
Sending        commit_to_svn.log
Transmitting file data .....
Committed revision 5329.
Sending        commit_to_svn.log
Transmitting file data .
Committed revision 5332.
Sending        commit_to_svn.log
Transmitting file data .
Committed revision 5335.
Sending        commit_to_svn.log
Transmitting file data .
Committed revision 5338.
Sending        SIM_TRADE/SEQUENCE/SQ_GET_SERVER.SQL
Sending        SIM_TRADE/SEQUENCE/S_BSAL_ID.SQL
Sending        SIM_TRADE/SEQUENCE/S_NEW_ACCOUNT_LOAD_LOG_ID.SQL
Sending        SIM_TRADE/SEQUENCE/S_NEW_DB_LOADER_ACC_PH_HIST_ID.SQL
Sending        commit_to_svn.log
Transmitting file data .....
Committed revision 5341.
Sending        commit_to_svn.log
Transmitting file data .
Committed revision 5344.
Sending        commit_to_svn.log
Transmitting file data .
Committed revision 5347.
Sending        commit_to_svn.log
Transmitting file data .
Committed revision 5350.
Sending        SIM_TRADE/SEQUENCE/SQ_GET_SERVER.SQL
Sending        SIM_TRADE/SEQUENCE/S_BSAL_ID.SQL
Sending        SIM_TRADE/SEQUENCE/S_NEW_ACCOUNT_LOAD_LOG_ID.SQL
Sending        SIM_TRADE/SEQUENCE/S_NEW_DB_LOADER_ACC_PH_HIST_ID.SQL
Sending        commit_to_svn.log
Transmitting file data .....
Committed revision 5353.
Sending        commit_to_svn.log
Transmitting file data .
Committed revision 5356.
Sending        commit_to_svn.log
Transmitting file data .
Committed revision 5359.
Sending        commit_to_svn.log
Transmitting file data .
Committed revision 5362.
Sending        SIM_TRADE/SEQUENCE/SQ_GET_SERVER.SQL
Sending        SIM_TRADE/SEQUENCE/S_BSAL_ID.SQL
Sending        SIM_TRADE/SEQUENCE/S_NEW_ACCOUNT_LOAD_LOG_ID.SQL
Sending        SIM_TRADE/SEQUENCE/S_NEW_DB_LOADER_ACC_PH_HIST_ID.SQL
Sending        commit_to_svn.log
Transmitting file data .....
Committed revision 5365.
Sending        commit_to_svn.log
Transmitting file data .
Committed revision 5368.
Sending        commit_to_svn.log
Transmitting file data .
Committed revision 5371.
Sending        commit_to_svn.log
Transmitting file data .
Committed revision 5374.
Sending        SIM_TRADE/SEQUENCE/SQ_GET_SERVER.SQL
Sending        SIM_TRADE/SEQUENCE/S_BSAL_ID.SQL
Sending        SIM_TRADE/SEQUENCE/S_NEW_ACCOUNT_LOAD_LOG_ID.SQL
Sending        commit_to_svn.log
Transmitting file data ....
Committed revision 5377.
Sending        commit_to_svn.log
Transmitting file data .
Committed revision 5380.
Sending        commit_to_svn.log
Transmitting file data .
Committed revision 5383.
Sending        commit_to_svn.log
Transmitting file data .
Committed revision 5386.
Sending        SIM_TRADE/SEQUENCE/SQ_GET_SERVER.SQL
Sending        SIM_TRADE/SEQUENCE/S_BSAL_ID.SQL
Sending        SIM_TRADE/SEQUENCE/S_NEW_ACCOUNT_LOAD_LOG_ID.SQL
Sending        SIM_TRADE/SEQUENCE/S_NEW_DB_LOADER_ACC_PH_HIST_ID.SQL
Sending        commit_to_svn.log
Transmitting file data .....
Committed revision 5389.
Sending        commit_to_svn.log
Transmitting file data .
Committed revision 5392.
Sending        commit_to_svn.log
Transmitting file data .
Committed revision 5395.
Sending        commit_to_svn.log
Transmitting file data .
Committed revision 5398.
Sending        SIM_TRADE/SEQUENCE/SQ_GET_SERVER.SQL
Sending        SIM_TRADE/SEQUENCE/S_BSAL_ID.SQL
Sending        SIM_TRADE/SEQUENCE/S_NEW_ACCOUNT_LOAD_LOG_ID.SQL
Sending        SIM_TRADE/SEQUENCE/S_NEW_DB_LOADER_ACC_PH_HIST_ID.SQL
Sending        commit_to_svn.log
Transmitting file data .....
Committed revision 5400.
Sending        commit_to_svn.log
Transmitting file data .
Committed revision 5403.
Sending        commit_to_svn.log
Transmitting file data .
Committed revision 5406.
Sending        commit_to_svn.log
Transmitting file data .
Committed revision 5409.
Sending        SIM_TRADE/SEQUENCE/SQ_GET_SERVER.SQL
Sending        SIM_TRADE/SEQUENCE/S_BSAL_ID.SQL
Sending        SIM_TRADE/SEQUENCE/S_NEW_ACCOUNT_LOAD_LOG_ID.SQL
Sending        SIM_TRADE/SEQUENCE/S_NEW_DB_LOADER_ACC_PH_HIST_ID.SQL
Sending        SIM_TRADE/SEQUENCE/S_NEW_QUEUE_PHONE_REBLOCK_ID.SQL
Sending        SIM_TRADE/TABLE/EXT_BEELINE_SOAP_API_LOG.SQL
Sending        SIM_TRADE/TABLE/EXT_LOADER_CALL_N_LOG.SQL
Sending        commit_to_svn.log
Transmitting file data ........
Committed revision 5411.
Sending        commit_to_svn.log
Transmitting file data .
Committed revision 5414.
Sending        commit_to_svn.log
Transmitting file data .
Committed revision 5417.
Sending        commit_to_svn.log
Transmitting file data .
Committed revision 5420.
Sending        SIM_TRADE/SEQUENCE/SQ_GET_SERVER.SQL
Sending        SIM_TRADE/SEQUENCE/S_BSAL_ID.SQL
Sending        SIM_TRADE/SEQUENCE/S_NEW_ACCOUNT_LOAD_LOG_ID.SQL
Sending        SIM_TRADE/SEQUENCE/S_NEW_DB_LOADER_ACC_PH_HIST_ID.SQL
Sending        commit_to_svn.log
Transmitting file data .....
Committed revision 5422.
Sending        commit_to_svn.log
Transmitting file data .
Committed revision 5425.
Sending        commit_to_svn.log
Transmitting file data .
Committed revision 5428.
Sending        commit_to_svn.log
Transmitting file data .
Committed revision 5431.
Sending        SIM_TRADE/SEQUENCE/SQ_GET_SERVER.SQL
Sending        SIM_TRADE/SEQUENCE/S_BSAL_ID.SQL
Sending        SIM_TRADE/SEQUENCE/S_NEW_ACCOUNT_LOAD_LOG_ID.SQL
Sending        SIM_TRADE/SEQUENCE/S_NEW_DB_LOADER_ACC_PH_HIST_ID.SQL
Sending        commit_to_svn.log
Transmitting file data .....
Committed revision 5433.
Sending        commit_to_svn.log
Transmitting file data .
Committed revision 5436.
Sending        commit_to_svn.log
Transmitting file data .
Committed revision 5439.
Sending        commit_to_svn.log
Transmitting file data .
Committed revision 5442.
Sending        SIM_TRADE/SEQUENCE/SQ_GET_SERVER.SQL
Sending        SIM_TRADE/SEQUENCE/S_BSAL_ID.SQL
Sending        SIM_TRADE/SEQUENCE/S_NEW_ACCOUNT_LOAD_LOG_ID.SQL
Sending        SIM_TRADE/SEQUENCE/S_NEW_DB_LOADER_ACC_PH_HIST_ID.SQL
Sending        commit_to_svn.log
Transmitting file data .....
Committed revision 5444.
Sending        commit_to_svn.log
Transmitting file data .
Committed revision 5446.
Sending        commit_to_svn.log
Transmitting file data .
Committed revision 5448.
Sending        commit_to_svn.log
Transmitting file data .
Committed revision 5450.
Sending        SIM_TRADE/SEQUENCE/SQ_GET_SERVER.SQL
Sending        SIM_TRADE/SEQUENCE/S_BSAL_ID.SQL
Sending        SIM_TRADE/SEQUENCE/S_NEW_ACCOUNT_LOAD_LOG_ID.SQL
Sending        commit_to_svn.log
Transmitting file data ....
Committed revision 5453.
Sending        commit_to_svn.log
Transmitting file data .
Committed revision 5456.
Sending        commit_to_svn.log
Transmitting file data .
Committed revision 5459.
Sending        SIM_TRADE/VIEW/V_CONTRACT_CHANGES.SQL
Sending        commit_to_svn.log
Transmitting file data ..
Committed revision 5462.
Sending        SIM_TRADE/SEQUENCE/SQ_GET_SERVER.SQL
Sending        SIM_TRADE/SEQUENCE/S_BSAL_ID.SQL
Sending        SIM_TRADE/SEQUENCE/S_NEW_ACCOUNT_LOAD_LOG_ID.SQL
Sending        SIM_TRADE/SEQUENCE/S_NEW_DB_LOADER_ACC_PH_HIST_ID.SQL
Sending        commit_to_svn.log
Transmitting file data .....
Committed revision 5464.
Sending        commit_to_svn.log
Transmitting file data .
Committed revision 5467.
Sending        commit_to_svn.log
Transmitting file data .
Committed revision 5470.
Sending        commit_to_svn.log
Transmitting file data .
Committed revision 5473.
Sending        SIM_TRADE/SEQUENCE/SQ_GET_SERVER.SQL
Sending        SIM_TRADE/SEQUENCE/S_BSAL_ID.SQL
Sending        SIM_TRADE/SEQUENCE/S_NEW_ACCOUNT_LOAD_LOG_ID.SQL
Sending        SIM_TRADE/SEQUENCE/S_NEW_DB_LOADER_ACC_PH_HIST_ID.SQL
Sending        SIM_TRADE/SEQUENCE/S_NEW_QUEUE_PHONE_REBLOCK_ID.SQL
Sending        commit_to_svn.log
Transmitting file data ......
Committed revision 5476.
Sending        commit_to_svn.log
Transmitting file data .
Committed revision 5479.
Sending        commit_to_svn.log
Transmitting file data .
Committed revision 5482.
Sending        commit_to_svn.log
Transmitting file data .
Committed revision 5485.
Sending        SIM_TRADE/SEQUENCE/SQ_GET_SERVER.SQL
Sending        SIM_TRADE/SEQUENCE/S_BSAL_ID.SQL
Sending        SIM_TRADE/SEQUENCE/S_NEW_ACCOUNT_LOAD_LOG_ID.SQL
Sending        SIM_TRADE/SEQUENCE/S_NEW_DB_LOADER_ACC_PH_HIST_ID.SQL
Sending        commit_to_svn.log
Transmitting file data .....
Committed revision 5488.
Sending        commit_to_svn.log
Transmitting file data .
Committed revision 5491.
Sending        commit_to_svn.log
Transmitting file data .
Committed revision 5494.
Sending        commit_to_svn.log
Transmitting file data .
Committed revision 5497.
Sending        SIM_TRADE/SEQUENCE/SQ_GET_SERVER.SQL
Sending        SIM_TRADE/SEQUENCE/S_BSAL_ID.SQL
Sending        SIM_TRADE/SEQUENCE/S_NEW_ACCOUNT_LOAD_LOG_ID.SQL
Sending        SIM_TRADE/SEQUENCE/S_NEW_DB_LOADER_ACC_PH_HIST_ID.SQL
Sending        commit_to_svn.log
Transmitting file data .....
Committed revision 5500.
Sending        commit_to_svn.log
Transmitting file data .
Committed revision 5503.
Sending        commit_to_svn.log
Transmitting file data .
Committed revision 5506.
Sending        commit_to_svn.log
Transmitting file data .
Committed revision 5509.
Sending        SIM_TRADE/SEQUENCE/SQ_GET_SERVER.SQL
Sending        SIM_TRADE/SEQUENCE/S_BSAL_ID.SQL
Sending        SIM_TRADE/SEQUENCE/S_NEW_ACCOUNT_LOAD_LOG_ID.SQL
Sending        SIM_TRADE/SEQUENCE/S_NEW_DB_LOADER_ACC_PH_HIST_ID.SQL
Sending        commit_to_svn.log
Transmitting file data .....
Committed revision 5512.
Sending        commit_to_svn.log
Transmitting file data .
Committed revision 5515.
Sending        commit_to_svn.log
Transmitting file data .
Committed revision 5518.
Sending        commit_to_svn.log
Transmitting file data .
Committed revision 5521.
Sending        SIM_TRADE/SEQUENCE/SQ_GET_SERVER.SQL
Sending        SIM_TRADE/SEQUENCE/S_BSAL_ID.SQL
Sending        SIM_TRADE/SEQUENCE/S_NEW_ABONENT_ID.SQL
Sending        SIM_TRADE/SEQUENCE/S_NEW_ACCOUNT_LOAD_LOG_ID.SQL
Sending        SIM_TRADE/SEQUENCE/S_NEW_CONTRACT_ID.SQL
Sending        SIM_TRADE/SEQUENCE/S_NEW_DB_LOADER_ACC_PH_HIST_ID.SQL
Sending        SIM_TRADE/SEQUENCE/S_NEW_RECEIVED_PAYMENT_ID.SQL
Sending        SIM_TRADE/SEQUENCE/S_SESSION_BALNOW.SQL
Sending        commit_to_svn.log
Transmitting file data .........
Committed revision 5523.
Sending        commit_to_svn.log
Transmitting file data .
Committed revision 5527.
Sending        commit_to_svn.log
Transmitting file data .
Committed revision 5530.
Sending        commit_to_svn.log
Transmitting file data .
Committed revision 5533.
Sending        SIM_TRADE/SEQUENCE/SQ_GET_SERVER.SQL
Sending        SIM_TRADE/SEQUENCE/S_BSAL_ID.SQL
Sending        SIM_TRADE/SEQUENCE/S_NEW_ACCOUNT_LOAD_LOG_ID.SQL
Sending        SIM_TRADE/SEQUENCE/S_NEW_DB_LOADER_ACC_PH_HIST_ID.SQL
Sending        commit_to_svn.log
Transmitting file data .....
Committed revision 5537.
Sending        commit_to_svn.log
Transmitting file data .
Committed revision 5540.
Sending        commit_to_svn.log
Transmitting file data .
Committed revision 5543.
Sending        commit_to_svn.log
Transmitting file data .
Committed revision 5546.
Sending        SIM_TRADE/SEQUENCE/SQ_GET_SERVER.SQL
Sending        SIM_TRADE/SEQUENCE/S_BSAL_ID.SQL
Sending        SIM_TRADE/SEQUENCE/S_NEW_ACCOUNT_LOAD_LOG_ID.SQL
Sending        SIM_TRADE/SEQUENCE/S_NEW_DB_LOADER_ACC_PH_HIST_ID.SQL
Sending        SIM_TRADE/SEQUENCE/S_NEW_QUEUE_PHONE_REBLOCK_ID.SQL
Sending        commit_to_svn.log
Transmitting file data ......
Committed revision 5549.
Sending        commit_to_svn.log
Transmitting file data .
Committed revision 5553.
Sending        commit_to_svn.log
Transmitting file data .
Committed revision 5556.
Sending        commit_to_svn.log
Transmitting file data .
Committed revision 5559.
Sending        SIM_TRADE/SEQUENCE/SQ_GET_SERVER.SQL
Sending        SIM_TRADE/SEQUENCE/S_BSAL_ID.SQL
Sending        SIM_TRADE/SEQUENCE/S_NEW_ACCOUNT_LOAD_LOG_ID.SQL
Sending        SIM_TRADE/SEQUENCE/S_NEW_DB_LOADER_ACC_PH_HIST_ID.SQL
Sending        commit_to_svn.log
Transmitting file data .....
Committed revision 5562.
Sending        commit_to_svn.log
Transmitting file data .
Committed revision 5565.
Sending        commit_to_svn.log
Transmitting file data .
Committed revision 5568.
Sending        commit_to_svn.log
Transmitting file data .
Committed revision 5571.
Sending        SIM_TRADE/SEQUENCE/SQ_GET_SERVER.SQL
Sending        SIM_TRADE/SEQUENCE/S_BSAL_ID.SQL
Sending        SIM_TRADE/SEQUENCE/S_NEW_ACCOUNT_LOAD_LOG_ID.SQL
Sending        SIM_TRADE/SEQUENCE/S_NEW_DB_LOADER_ACC_PH_HIST_ID.SQL
Sending        commit_to_svn.log
Transmitting file data .....
Committed revision 5574.
Sending        commit_to_svn.log
Transmitting file data .
Committed revision 5577.
Sending        commit_to_svn.log
Transmitting file data .
Committed revision 5580.
Sending        commit_to_svn.log
Transmitting file data .
Committed revision 5583.
Sending        SIM_TRADE/SEQUENCE/SQ_GET_SERVER.SQL
Sending        SIM_TRADE/SEQUENCE/S_BSAL_ID.SQL
Sending        SIM_TRADE/SEQUENCE/S_NEW_ACCOUNT_LOAD_LOG_ID.SQL
Sending        SIM_TRADE/SEQUENCE/S_NEW_DB_LOADER_ACC_PH_HIST_ID.SQL
Sending        commit_to_svn.log
Transmitting file data .....
Committed revision 5586.
Sending        commit_to_svn.log
Transmitting file data .
Committed revision 5589.
Sending        commit_to_svn.log
Transmitting file data .
Committed revision 5592.
Sending        commit_to_svn.log
Transmitting file data .
Committed revision 5596.
Sending        SIM_TRADE/SEQUENCE/SQ_GET_SERVER.SQL
Sending        SIM_TRADE/SEQUENCE/S_BSAL_ID.SQL
Sending        SIM_TRADE/SEQUENCE/S_NEW_ACCOUNT_LOAD_LOG_ID.SQL
Sending        SIM_TRADE/SEQUENCE/S_NEW_CONTRACT_CHANGE_ID.SQL
Sending        SIM_TRADE/SEQUENCE/S_NEW_DB_LOADER_ACC_PH_HIST_ID.SQL
Sending        commit_to_svn.log
Transmitting file data ......
Committed revision 5599.
Sending        commit_to_svn.log
Transmitting file data .
Committed revision 5602.
Sending        commit_to_svn.log
Transmitting file data .
Committed revision 5605.
Sending        commit_to_svn.log
Transmitting file data .
Committed revision 5608.
Sending        SIM_TRADE/SEQUENCE/SQ_GET_SERVER.SQL
Sending        SIM_TRADE/SEQUENCE/S_BSAL_ID.SQL
Sending        SIM_TRADE/SEQUENCE/S_NEW_ACCOUNT_LOAD_LOG_ID.SQL
Sending        SIM_TRADE/SEQUENCE/S_NEW_DB_LOADER_ACC_PH_HIST_ID.SQL
Sending        SIM_TRADE/SEQUENCE/S_NEW_TARIFF_OPTION_ID.SQL
Sending        SIM_TRADE/SEQUENCE/S_NEW_TARIFF_OPTION_NEW_COSTID.SQL
Sending        commit_to_svn.log
Transmitting file data .......
Committed revision 5611.
Sending        commit_to_svn.log
Transmitting file data .
Committed revision 5614.
Sending        commit_to_svn.log
Transmitting file data .
Committed revision 5617.
Sending        commit_to_svn.log
Transmitting file data .
Committed revision 5620.
Sending        SIM_TRADE/SEQUENCE/SQ_GET_SERVER.SQL
Sending        SIM_TRADE/SEQUENCE/S_BSAL_ID.SQL
Sending        SIM_TRADE/SEQUENCE/S_NEW_ACCOUNT_LOAD_LOG_ID.SQL
Sending        SIM_TRADE/SEQUENCE/S_NEW_DB_LOADER_ACC_PH_HIST_ID.SQL
Sending        commit_to_svn.log
Transmitting file data .....
Committed revision 5623.
Sending        commit_to_svn.log
Transmitting file data .
Committed revision 5626.
Sending        commit_to_svn.log
Transmitting file data .
Committed revision 5629.
Sending        commit_to_svn.log
Transmitting file data .
Committed revision 5632.
Sending        SIM_TRADE/SEQUENCE/SQ_GET_SERVER.SQL
Sending        SIM_TRADE/SEQUENCE/S_BSAL_ID.SQL
Sending        SIM_TRADE/SEQUENCE/S_NEW_ACCOUNT_LOAD_LOG_ID.SQL
Sending        SIM_TRADE/SEQUENCE/S_NEW_DB_LOADER_ACC_PH_HIST_ID.SQL
Sending        commit_to_svn.log
Transmitting file data .....
Committed revision 5635.
Sending        commit_to_svn.log
Transmitting file data .
Committed revision 5638.
Sending        commit_to_svn.log
Transmitting file data .
Committed revision 5641.
Sending        commit_to_svn.log
Transmitting file data .
Committed revision 5644.
Sending        SIM_TRADE/SEQUENCE/SQ_GET_SERVER.SQL
Sending        SIM_TRADE/SEQUENCE/S_BSAL_ID.SQL
Sending        SIM_TRADE/SEQUENCE/S_NEW_ACCOUNT_LOAD_LOG_ID.SQL
Sending        commit_to_svn.log
Transmitting file data ....
Committed revision 5647.
Sending        commit_to_svn.log
Transmitting file data .
Committed revision 5650.
Sending        commit_to_svn.log
Transmitting file data .
Committed revision 5653.
Sending        commit_to_svn.log
Transmitting file data .
Committed revision 5656.
Sending        SIM_TRADE/SEQUENCE/SQ_GET_SERVER.SQL
Sending        SIM_TRADE/SEQUENCE/S_BSAL_ID.SQL
Sending        SIM_TRADE/SEQUENCE/S_NEW_ACCOUNT_LOAD_LOG_ID.SQL
Sending        SIM_TRADE/SEQUENCE/S_NEW_DB_LOADER_ACC_PH_HIST_ID.SQL
Sending        commit_to_svn.log
Transmitting file data .....
Committed revision 5659.
Sending        commit_to_svn.log
Transmitting file data .
Committed revision 5662.
Sending        commit_to_svn.log
Transmitting file data .
Committed revision 5665.
Sending        commit_to_svn.log
Transmitting file data .
Committed revision 5668.
Sending        SIM_TRADE/SEQUENCE/SQ_GET_SERVER.SQL
Sending        SIM_TRADE/SEQUENCE/S_BSAL_ID.SQL
Sending        SIM_TRADE/SEQUENCE/S_NEW_ACCOUNT_LOAD_LOG_ID.SQL
Sending        SIM_TRADE/SEQUENCE/S_NEW_DB_LOADER_ACC_PH_HIST_ID.SQL
Sending        commit_to_svn.log
Transmitting file data .....
Committed revision 5671.
Sending        commit_to_svn.log
Transmitting file data .
Committed revision 5674.
Sending        commit_to_svn.log
Transmitting file data .
Committed revision 5677.
Sending        commit_to_svn.log
Transmitting file data .
Committed revision 5680.
Sending        SIM_TRADE/SEQUENCE/SQ_GET_SERVER.SQL
Sending        SIM_TRADE/SEQUENCE/S_BSAL_ID.SQL
Sending        SIM_TRADE/SEQUENCE/S_NEW_ACCOUNT_LOAD_LOG_ID.SQL
Sending        SIM_TRADE/SEQUENCE/S_NEW_DB_LOADER_ACC_PH_HIST_ID.SQL
Sending        commit_to_svn.log
Transmitting file data .....
Committed revision 5683.
Sending        commit_to_svn.log
Transmitting file data .
Committed revision 5685.
Sending        commit_to_svn.log
Transmitting file data .
Committed revision 5688.
Sending        commit_to_svn.log
Transmitting file data .
Committed revision 5691.
Sending        SIM_TRADE/SEQUENCE/SQ_GET_SERVER.SQL
Sending        SIM_TRADE/SEQUENCE/S_BSAL_ID.SQL
Sending        SIM_TRADE/SEQUENCE/S_NEW_ACCOUNT_LOAD_LOG_ID.SQL
Sending        SIM_TRADE/SEQUENCE/S_NEW_DB_LOADER_ACC_PH_HIST_ID.SQL
Sending        SIM_TRADE/TABLE/EXT_BEELINE_SOAP_API_LOG.SQL
Sending        SIM_TRADE/TABLE/EXT_LOADER_CALL_N_LOG.SQL
Sending        commit_to_svn.log
Transmitting file data .......
Committed revision 5693.
Sending        commit_to_svn.log
Transmitting file data .
Committed revision 5697.
Sending        commit_to_svn.log
Transmitting file data .
Committed revision 5700.
Sending        commit_to_svn.log
Transmitting file data .
Committed revision 5703.
Sending        SIM_TRADE/SEQUENCE/SQ_GET_SERVER.SQL
Sending        SIM_TRADE/SEQUENCE/S_BSAL_ID.SQL
Sending        SIM_TRADE/SEQUENCE/S_NEW_ACCOUNT_LOAD_LOG_ID.SQL
Sending        SIM_TRADE/SEQUENCE/S_NEW_DB_LOADER_ACC_PH_HIST_ID.SQL
Sending        SIM_TRADE/SEQUENCE/S_NEW_QUEUE_PHONE_REBLOCK_ID.SQL
Sending        commit_to_svn.log
Transmitting file data ......
Committed revision 5705.
Sending        commit_to_svn.log
Transmitting file data .
Committed revision 5708.
Sending        commit_to_svn.log
Transmitting file data .
Committed revision 5711.
Sending        commit_to_svn.log
Transmitting file data .
Committed revision 5714.
Sending        SIM_TRADE/SEQUENCE/SQ_GET_SERVER.SQL
Sending        SIM_TRADE/SEQUENCE/S_BSAL_ID.SQL
Sending        SIM_TRADE/SEQUENCE/S_NEW_ACCOUNT_LOAD_LOG_ID.SQL
Sending        SIM_TRADE/SEQUENCE/S_NEW_DB_LOADER_ACC_PH_HIST_ID.SQL
Sending        commit_to_svn.log
Transmitting file data .....
Committed revision 5716.
Sending        commit_to_svn.log
Transmitting file data .
Committed revision 5719.
Sending        commit_to_svn.log
Transmitting file data .
Committed revision 5722.
Sending        commit_to_svn.log
Transmitting file data .
Committed revision 5725.
Sending        SIM_TRADE/SEQUENCE/SQ_GET_SERVER.SQL
Sending        SIM_TRADE/SEQUENCE/S_BSAL_ID.SQL
Sending        SIM_TRADE/SEQUENCE/S_NEW_ACCOUNT_LOAD_LOG_ID.SQL
Sending        commit_to_svn.log
Transmitting file data ....
Committed revision 5727.
Sending        commit_to_svn.log
Transmitting file data .
Committed revision 5729.
Sending        commit_to_svn.log
Transmitting file data .
Committed revision 5733.
Sending        commit_to_svn.log
Transmitting file data .
Committed revision 5736.
Sending        SIM_TRADE/SEQUENCE/SQ_GET_SERVER.SQL
Sending        SIM_TRADE/SEQUENCE/S_BSAL_ID.SQL
Sending        SIM_TRADE/SEQUENCE/S_NEW_ACCOUNT_LOAD_LOG_ID.SQL
Sending        SIM_TRADE/SEQUENCE/S_NEW_DB_LOADER_ACC_PH_HIST_ID.SQL
Sending        commit_to_svn.log
Transmitting file data .....
Committed revision 5738.
Sending        commit_to_svn.log
Transmitting file data .
Committed revision 5742.
Sending        commit_to_svn.log
Transmitting file data .
Committed revision 5745.
Sending        SIM_TRADE/VIEW/V_CONTRACT_CHANGES.SQL
Sending        commit_to_svn.log
Transmitting file data ..
Committed revision 5748.
Sending        SIM_TRADE/SEQUENCE/SQ_GET_SERVER.SQL
Sending        SIM_TRADE/SEQUENCE/S_BSAL_ID.SQL
Sending        SIM_TRADE/SEQUENCE/S_NEW_ACCOUNT_LOAD_LOG_ID.SQL
Sending        SIM_TRADE/VIEW/V_CONTRACT_CHANGES.SQL
Sending        commit_to_svn.log
Transmitting file data .....
Committed revision 5750.
Sending        commit_to_svn.log
Transmitting file data .
Committed revision 5753.
Sending        commit_to_svn.log
Transmitting file data .
Committed revision 5756.
Sending        commit_to_svn.log
Transmitting file data .
Committed revision 5759.
Sending        SIM_TRADE/SEQUENCE/SQ_GET_SERVER.SQL
Sending        SIM_TRADE/SEQUENCE/S_BSAL_ID.SQL
Sending        SIM_TRADE/SEQUENCE/S_NEW_ACCOUNT_LOAD_LOG_ID.SQL
Sending        SIM_TRADE/SEQUENCE/S_NEW_DB_LOADER_ACC_PH_HIST_ID.SQL
Sending        commit_to_svn.log
Transmitting file data .....
Committed revision 5762.
Sending        commit_to_svn.log
Transmitting file data .
Committed revision 5765.
Sending        commit_to_svn.log
Transmitting file data .
Committed revision 5768.
Sending        commit_to_svn.log
Transmitting file data .
Committed revision 5771.
Sending        SIM_TRADE/SEQUENCE/SQ_GET_SERVER.SQL
Sending        SIM_TRADE/SEQUENCE/S_BSAL_ID.SQL
Sending        SIM_TRADE/SEQUENCE/S_NEW_ACCOUNT_LOAD_LOG_ID.SQL
Sending        SIM_TRADE/SEQUENCE/S_NEW_DB_LOADER_ACC_PH_HIST_ID.SQL
Sending        commit_to_svn.log
Transmitting file data .....
Committed revision 5774.
Sending        commit_to_svn.log
Transmitting file data .
Committed revision 5777.
Sending        commit_to_svn.log
Transmitting file data .
Committed revision 5780.
Sending        commit_to_svn.log
Transmitting file data .
Committed revision 5783.
Sending        SIM_TRADE/SEQUENCE/SQ_GET_SERVER.SQL
Sending        SIM_TRADE/SEQUENCE/S_BSAL_ID.SQL
Sending        SIM_TRADE/SEQUENCE/S_NEW_ACCOUNT_LOAD_LOG_ID.SQL
Sending        SIM_TRADE/SEQUENCE/S_NEW_DB_LOADER_ACC_PH_HIST_ID.SQL
Sending        commit_to_svn.log
Transmitting file data .....
Committed revision 5787.
Sending        commit_to_svn.log
Transmitting file data .
Committed revision 5791.
Sending        commit_to_svn.log
Transmitting file data .
Committed revision 5795.
Sending        commit_to_svn.log
Transmitting file data .
Committed revision 5798.
Sending        SIM_TRADE/SEQUENCE/SQ_GET_SERVER.SQL
Sending        SIM_TRADE/SEQUENCE/S_BSAL_ID.SQL
Sending        SIM_TRADE/SEQUENCE/S_NEW_ACCOUNT_LOAD_LOG_ID.SQL
Sending        SIM_TRADE/SEQUENCE/S_NEW_DB_LOADER_ACC_PH_HIST_ID.SQL
Sending        commit_to_svn.log
Transmitting file data .....
Committed revision 5801.
Sending        commit_to_svn.log
Transmitting file data .
Committed revision 5804.
Sending        commit_to_svn.log
Transmitting file data .
Committed revision 5807.
Sending        commit_to_svn.log
Transmitting file data .
Committed revision 5810.
Sending        SIM_TRADE/SEQUENCE/SQ_GET_SERVER.SQL
Sending        SIM_TRADE/SEQUENCE/S_BSAL_ID.SQL
Sending        SIM_TRADE/SEQUENCE/S_NEW_ACCOUNT_LOAD_LOG_ID.SQL
Sending        SIM_TRADE/SEQUENCE/S_NEW_DB_LOADER_ACC_PH_HIST_ID.SQL
Sending        commit_to_svn.log
Transmitting file data .....
Committed revision 5813.
Sending        commit_to_svn.log
Transmitting file data .
Committed revision 5818.
Sending        commit_to_svn.log
Transmitting file data .
Committed revision 5821.
Sending        commit_to_svn.log
Transmitting file data .
Committed revision 5824.
Sending        SIM_TRADE/PROCEDURE/P_LOAD_BEELINE_BILLS.SQL
Sending        SIM_TRADE/SEQUENCE/SQ_GET_SERVER.SQL
Sending        SIM_TRADE/SEQUENCE/S_BSAL_ID.SQL
Sending        SIM_TRADE/SEQUENCE/S_NEW_ABONENT_ID.SQL
Sending        SIM_TRADE/SEQUENCE/S_NEW_ACCOUNT_LOAD_LOG_ID.SQL
Sending        SIM_TRADE/SEQUENCE/S_NEW_CONTRACT_CANCEL_ID.SQL
Sending        SIM_TRADE/SEQUENCE/S_NEW_CONTRACT_ID.SQL
Sending        SIM_TRADE/SEQUENCE/S_NEW_DB_LOADER_ACC_PH_HIST_ID.SQL
Sending        SIM_TRADE/SEQUENCE/S_NEW_RECEIVED_PAYMENT_ID.SQL
Sending        commit_to_svn.log
Transmitting file data ..........
Committed revision 5828.
Sending        commit_to_svn.log
Transmitting file data .
Committed revision 5831.
Sending        commit_to_svn.log
Transmitting file data .
Committed revision 5834.
Sending        commit_to_svn.log
Transmitting file data .
Committed revision 5837.
Sending        SIM_TRADE/SEQUENCE/SQ_GET_SERVER.SQL
Sending        SIM_TRADE/SEQUENCE/S_BSAL_ID.SQL
Sending        SIM_TRADE/SEQUENCE/S_NEW_ACCOUNT_LOAD_LOG_ID.SQL
Sending        SIM_TRADE/SEQUENCE/S_NEW_DB_LOADER_ACC_PH_HIST_ID.SQL
Sending        SIM_TRADE/SEQUENCE/S_NEW_QUEUE_PHONE_REBLOCK_ID.SQL
Sending        commit_to_svn.log
Transmitting file data ......
Committed revision 5840.
Sending        commit_to_svn.log
Transmitting file data .
Committed revision 5843.
Sending        commit_to_svn.log
Transmitting file data .
Committed revision 5846.
Sending        SIM_TRADE/PROCEDURE/ALTER_USER_ENCRYPT_PWD.SQL
Sending        commit_to_svn.log
Transmitting file data ..
Committed revision 5849.
Sending        SIM_TRADE/SEQUENCE/SQ_GET_SERVER.SQL
Sending        SIM_TRADE/SEQUENCE/S_BSAL_ID.SQL
Sending        SIM_TRADE/SEQUENCE/S_NEW_ACCOUNT_LOAD_LOG_ID.SQL
Sending        SIM_TRADE/SEQUENCE/S_NEW_DB_LOADER_ACC_PH_HIST_ID.SQL
Sending        commit_to_svn.log
Transmitting file data .....
Committed revision 5852.
Sending        commit_to_svn.log
Transmitting file data .
Committed revision 5855.
Sending        commit_to_svn.log
Transmitting file data .
Committed revision 5858.
Sending        commit_to_svn.log
Transmitting file data .
Committed revision 5861.
Sending        SIM_TRADE/SEQUENCE/SQ_GET_SERVER.SQL
Sending        SIM_TRADE/SEQUENCE/S_BSAL_ID.SQL
Sending        SIM_TRADE/SEQUENCE/S_NEW_ACCOUNT_LOAD_LOG_ID.SQL
Sending        SIM_TRADE/SEQUENCE/S_NEW_DB_LOADER_ACC_PH_HIST_ID.SQL
Sending        commit_to_svn.log
Transmitting file data .....
Committed revision 5864.
Sending        commit_to_svn.log
Transmitting file data .
Committed revision 5867.
Sending        commit_to_svn.log
Transmitting file data .
Committed revision 5870.
Sending        commit_to_svn.log
Transmitting file data .
Committed revision 5873.
Sending        SIM_TRADE/SEQUENCE/SQ_GET_SERVER.SQL
Sending        SIM_TRADE/SEQUENCE/S_BSAL_ID.SQL
Sending        SIM_TRADE/SEQUENCE/S_NEW_ACCOUNT_LOAD_LOG_ID.SQL
Sending        SIM_TRADE/SEQUENCE/S_NEW_CONTRACT_CHANGE_ID.SQL
Sending        SIM_TRADE/SEQUENCE/S_NEW_DB_LOADER_ACC_PH_HIST_ID.SQL
Sending        commit_to_svn.log
Transmitting file data ......
Committed revision 5876.
Sending        commit_to_svn.log
Transmitting file data .
Committed revision 5879.
Sending        commit_to_svn.log
Transmitting file data .
Committed revision 5882.
Sending        commit_to_svn.log
Transmitting file data .
Committed revision 5885.
Sending        SIM_TRADE/SEQUENCE/SQ_GET_SERVER.SQL
Sending        SIM_TRADE/SEQUENCE/S_BSAL_ID.SQL
Sending        SIM_TRADE/SEQUENCE/S_NEW_ACCOUNT_LOAD_LOG_ID.SQL
Sending        SIM_TRADE/SEQUENCE/S_NEW_DB_LOADER_ACC_PH_HIST_ID.SQL
Sending        commit_to_svn.log
Transmitting file data .....
Committed revision 5888.
Sending        commit_to_svn.log
Transmitting file data .
Committed revision 5891.
Sending        commit_to_svn.log
Transmitting file data .
Committed revision 5894.
Sending        commit_to_svn.log
Transmitting file data .
Committed revision 5897.
Sending        SIM_TRADE/SEQUENCE/SQ_GET_SERVER.SQL
Sending        SIM_TRADE/SEQUENCE/S_BSAL_ID.SQL
Sending        SIM_TRADE/SEQUENCE/S_NEW_ACCOUNT_LOAD_LOG_ID.SQL
Sending        SIM_TRADE/SEQUENCE/S_NEW_DB_LOADER_ACC_PH_HIST_ID.SQL
Sending        commit_to_svn.log
Transmitting file data .....
Committed revision 5900.
Sending        commit_to_svn.log
Transmitting file data .
Committed revision 5903.
Sending        commit_to_svn.log
Transmitting file data .
Committed revision 5906.
Sending        commit_to_svn.log
Transmitting file data .
Committed revision 5909.
Sending        SIM_TRADE/SEQUENCE/SQ_GET_SERVER.SQL
Sending        SIM_TRADE/SEQUENCE/S_BSAL_ID.SQL
Sending        SIM_TRADE/SEQUENCE/S_NEW_ACCOUNT_LOAD_LOG_ID.SQL
Sending        commit_to_svn.log
Transmitting file data ....
Committed revision 5912.
Sending        commit_to_svn.log
Transmitting file data .
Committed revision 5915.
Sending        commit_to_svn.log
Transmitting file data .
Committed revision 5918.
Sending        commit_to_svn.log
Transmitting file data .
Committed revision 5921.
Sending        SIM_TRADE/SEQUENCE/SQ_GET_SERVER.SQL
Sending        SIM_TRADE/SEQUENCE/S_BSAL_ID.SQL
Sending        SIM_TRADE/SEQUENCE/S_NEW_ACCOUNT_LOAD_LOG_ID.SQL
Sending        SIM_TRADE/SEQUENCE/S_NEW_DB_LOADER_ACC_PH_HIST_ID.SQL
Sending        commit_to_svn.log
Transmitting file data .....
Committed revision 5924.
Sending        commit_to_svn.log
Transmitting file data .
Committed revision 5927.
Sending        commit_to_svn.log
Transmitting file data .
Committed revision 5928.
Sending        commit_to_svn.log
Transmitting file data .
Committed revision 5932.
Sending        SIM_TRADE/SEQUENCE/SQ_GET_SERVER.SQL
Sending        SIM_TRADE/SEQUENCE/S_BSAL_ID.SQL
Sending        SIM_TRADE/SEQUENCE/S_NEW_ACCOUNT_LOAD_LOG_ID.SQL
Sending        SIM_TRADE/SEQUENCE/S_NEW_DB_LOADER_ACC_PH_HIST_ID.SQL
Sending        commit_to_svn.log
Transmitting file data .....
Committed revision 5935.
Sending        commit_to_svn.log
Transmitting file data .
Committed revision 5938.
Sending        commit_to_svn.log
Transmitting file data .
Committed revision 5939.
Sending        commit_to_svn.log
Transmitting file data .
Committed revision 5942.
Sending        SIM_TRADE/SEQUENCE/SQ_GET_SERVER.SQL
Sending        SIM_TRADE/SEQUENCE/S_BSAL_ID.SQL
Sending        SIM_TRADE/SEQUENCE/S_NEW_ACCOUNT_LOAD_LOG_ID.SQL
Sending        commit_to_svn.log
Transmitting file data ....
Committed revision 5945.
Sending        commit_to_svn.log
Transmitting file data .Sending        commit_to_svn.log
Transmitting file data .